#
# A fatal error has been detected by the Java Runtime Environment:
#
#  SIGILL (0x4) at pc=0x0000e0e92533fb5c, pid=7435, tid=7436
#
# JRE version:  (21.0.6+7) (build )
# Java VM: OpenJDK 64-Bit Server VM (21.0.6+7-LTS, mixed mode, sharing, tiered, compressed oops, compressed class ptrs, parallel gc, linux-aarch64)
# Problematic frame:
# j  java.lang.System.registerNatives()V+0 java.base
#
# Core dump will be written. Default location: Core dumps may be processed with "/usr/share/apport/apport -p%p -s%s -c%c -d%d -P%P -u%u -g%g -- %E" (or dumping to /home/xander/l3s2/lifapoo/JavaEchec/core.7435)
#
# The crash happened outside the Java Virtual Machine in native code.
# See problematic frame for where to report the bug.
#

---------------  S U M M A R Y ------------

Command Line: --add-modules=ALL-SYSTEM --add-opens=java.base/java.util=ALL-UNNAMED --add-opens=java.base/java.lang=ALL-UNNAMED --add-opens=java.base/sun.nio.fs=ALL-UNNAMED -Declipse.application=org.eclipse.jdt.ls.core.id1 -Dosgi.bundles.defaultStartLevel=4 -Declipse.product=org.eclipse.jdt.ls.core.product -Djava.import.generatesMetadataFilesAtProjectRoot=false -DDetectVMInstallationsJob.disabled=true -Dfile.encoding=utf8 -XX:+UseParallelGC -XX:GCTimeRatio=4 -XX:AdaptiveSizePolicyWeight=90 -Dsun.zip.disableMemoryMapping=true -Xmx1G -Xms100m -Xlog:disable -javaagent:/home/xander/.vscode/extensions/redhat.java-1.41.1-linux-arm64/lombok/lombok-1.18.36.jar -XX:+HeapDumpOnOutOfMemoryError -XX:HeapDumpPath=/home/xander/.config/Code/User/workspaceStorage/08fb1f34b35509ece9643cfea22dbdeb/redhat.java -Daether.dependencyCollector.impl=bf /home/xander/.vscode/extensions/redhat.java-1.41.1-linux-arm64/server/plugins/org.eclipse.equinox.launcher_1.7.0.v20250331-1702.jar -configuration /home/xander/.config/Code/User/globalStorage/redhat.java/1.41.1/config_linux -data /home/xander/.config/Code/User/workspaceStorage/08fb1f34b35509ece9643cfea22dbdeb/redhat.java/jdt_ws --pipe=/run/user/1000/lsp-0f118112fab04a64a91c0c2aba6717a9.sock

Host: AArch64, 7 cores, 7G, Ubuntu 24.04.2 LTS
Time: Wed Apr  2 16:03:16 2025 UTC elapsed time: 0.012731 seconds (0d 0h 0m 0s)

---------------  T H R E A D  ---------------

Current thread (0x0000e0e93002a7b0):  JavaThread "Unknown thread" [_thread_in_native, id=7436, stack(0x0000e0e934802000,0x0000e0e934a00000) (2040K)]

Stack: [0x0000e0e934802000,0x0000e0e934a00000],  sp=0x0000e0e9349fdfe0,  free space=2031k
Native frames: (J=compiled Java code, j=interpreted, Vv=VM code, C=native code)
j  java.lang.System.registerNatives()V+0 java.base
j  java.lang.System.<clinit>()V+0 java.base
v  ~StubRoutines::call_stub 0x0000e0e925337158
V  [libjvm.so+0x835f58]  JavaCalls::call_helper(JavaValue*, methodHandle const&, JavaCallArguments*, JavaThread*)+0x218
V  [libjvm.so+0x811398]  InstanceKlass::call_class_initializer(JavaThread*)+0x284
V  [libjvm.so+0x811ee0]  InstanceKlass::initialize_impl(JavaThread*)+0x370
V  [libjvm.so+0xddee68]  Threads::initialize_java_lang_classes(JavaThread*, JavaThread*)+0xe8
V  [libjvm.so+0xde0f24]  Threads::create_vm(JavaVMInitArgs*, bool*)+0x3f4
V  [libjvm.so+0x8c8fa4]  JNI_CreateJavaVM+0x80
C  [libjli.so+0x8bcc]  JavaMain+0x7c
C  [libjli.so+0xc1cc]  ThreadJavaMain+0xc
C  [libc.so.6+0x8595c]
Java frames: (J=compiled Java code, j=interpreted, Vv=VM code)
j  java.lang.System.registerNatives()V+0 java.base
j  java.lang.System.<clinit>()V+0 java.base
v  ~StubRoutines::call_stub 0x0000e0e925337158

siginfo: si_signo: 4 (SIGILL), si_code: 1 (ILL_ILLOPC), si_addr: 0x0000e0e92533fb5c

Registers:
R0=0x0000000000000000
R1=0x0000000000000000
R2=0x0000000000000000
R3=0x0000000000000000
R4=0x000000009aeaffff
R5=0x0000e0e935d84350
R6=0x000000000000ffff
R7=0x000000000000000d
R8=0x0000000000000000
R9=0x000000000000000c
R10=0x000000000000000d
R11=0x000000a000484d20
R12=0x000000a00001ae68
R13=0x000000a0006429b0
R14=0x0000000000000000
R15=0x0000000000000000
R16=0x0000e0e935d6f838
R17=0x0000e0e935fda940
R18=0x000000a00001ad50
R19=0x0000e0e92533d8f0
R20=0x0000e0e9349fdfe0
R21=0x0000e0e935e112d0
R22=0x0000000000000000
R23=0x0000e0e92533ea40
R24=0x0000e0e9349fe068
R25=0x0000e0e9349fe260
R26=0x000000a000003140
R27=0x0000000000000000
R28=0x0000e0e93002a7b0
R29=0x0000e0e9349fe050
R30=0x0000e0e92533fb40


Register to memory mapping:

R0 =0x0 is null
R1 =0x0 is null
R2 =0x0 is null
R3 =0x0 is null
R4 =0x000000009aeaffff is an unknown value
R5 =0x0000e0e935d84350: <offset 0x0000000001384350> in /home/xander/.vscode/extensions/redhat.java-1.41.1-linux-arm64/jre/21.0.6-linux-aarch64/lib/server/libjvm.so at 0x0000e0e934a00000
R6 =0x000000000000ffff is an unknown value
R7 =0x000000000000000d is an unknown value
R8 =0x0 is null
R9 =0x000000000000000c is an unknown value
R10=0x000000000000000d is an unknown value
R11=0x000000a000484d20 is pointing into metadata
R12={method} {0x000000a00001ae68} 'registerNatives' '()V' in 'java/lang/System'
R13=0x000000a0006429b0 is pointing into metadata
R14=0x0 is null
R15=0x0 is null
R16=0x0000e0e935d6f838: <offset 0x000000000136f838> in /home/xander/.vscode/extensions/redhat.java-1.41.1-linux-arm64/jre/21.0.6-linux-aarch64/lib/server/libjvm.so at 0x0000e0e934a00000
R17=0x0000e0e935fda940: __memcmpeq+0x0000000000000000 in /lib/aarch64-linux-gnu/libc.so.6 at 0x0000e0e935f40000
R18={method} {0x000000a00001ad50} 'arraycopy' '(Ljava/lang/Object;ILjava/lang/Object;II)V' in 'java/lang/System'
R19=0x0000e0e92533d8f0 is at code_begin+48 in an Interpreter codelet
result handlers for native calls  [0x0000e0e92533d8c0, 0x0000e0e92533d908]  72 bytes
R20=0x0000e0e9349fdfe0 is pointing into the stack for thread: 0x0000e0e93002a7b0
R21=0x0000e0e935e112d0: <offset 0x00000000014112d0> in /home/xander/.vscode/extensions/redhat.java-1.41.1-linux-arm64/jre/21.0.6-linux-aarch64/lib/server/libjvm.so at 0x0000e0e934a00000
R22=0x0 is null
R23=0x0000e0e92533ea40 is at code_begin+0 in an Interpreter codelet
method entry point (kind = zerolocals)  [0x0000e0e92533ea40, 0x0000e0e92533edd8]  920 bytes
R24=0x0000e0e9349fe068 is pointing into the stack for thread: 0x0000e0e93002a7b0
R25=0x0000e0e9349fe260 is pointing into the stack for thread: 0x0000e0e93002a7b0
R26=0x000000a000003140 is pointing into metadata
R27=0x0 is null
R28=0x0000e0e93002a7b0 is a thread
R29=0x0000e0e9349fe050 is pointing into the stack for thread: 0x0000e0e93002a7b0
R30=0x0000e0e92533fb40 is at code_begin+896 in an Interpreter codelet
native method entry point (kind = native)  [0x0000e0e92533f7c0, 0x0000e0e92533fee0]  1824 bytes
R31=0x0000e0e9349fdfe0 is pointing into the stack for thread: 0x0000e0e93002a7b0

Top of Stack: (sp=0x0000e0e9349fdfe0)
0x0000e0e9349fdfe0:   0000000000000000 0000000000000000
0x0000e0e9349fdff0:   ffffff0000000000 2d7749fa8e4d0800
0x0000e0e9349fe000:   0000e0e9349fe000 0000000000000000
0x0000e0e9349fe010:   0000000000000003 000000a000003140
0x0000e0e9349fe020:   00000000c007ef38 0000e0e9349fdff0
0x0000e0e9349fe030:   0000000000000000 000000a00001ae68
0x0000e0e9349fe040:   0000000000000000 0000e0e9349fe050
0x0000e0e9349fe050:   0000e0e9349fe0c0 0000e0e92533c17c
0x0000e0e9349fe060:   0000000000000000 00000000c007ef38
0x0000e0e9349fe070:   0000e0e9349fe070 000000a000642f70
0x0000e0e9349fe080:   0000000000000001 000000a000003140
0x0000e0e9349fe090:   00000000c007ef38 0000e0e9349fe050
0x0000e0e9349fe0a0:   0000000000000000 000000a00001aa60
0x0000e0e9349fe0b0:   0000e0e9349fe070 0000e0e9349fe0d0
0x0000e0e9349fe0c0:   0000e0e9349fe1b0 0000e0e925337158
0x0000e0e9349fe0d0:   0000000000000000 0000e0e93002aed0
0x0000e0e9349fe0e0:   0000000000000000 0000000000000000
0x0000e0e9349fe0f0:   0000000000000000 0000000000000000
0x0000e0e9349fe100:   0000000000000000 0000000000000000
0x0000e0e9349fe110:   0000000000000000 0000000000000000
0x0000e0e9349fe120:   0000e0e9349fe328 0000e0e9349fe228
0x0000e0e9349fe130:   000000000000000a 0000e0e9349fe260
0x0000e0e9349fe140:   000000000000000e 0000e0e92533ea40
0x0000e0e9349fe150:   0000e0e9349fe300 0000e0e9349fe320
0x0000e0e9349fe160:   0000e0e9349fe2e8 0000e0e93002a7b0
0x0000e0e9349fe170:   0000e0e9349fe260 0000e0e9349fe300
0x0000e0e9349fe180:   000000000000000a 000000a00001aa60
0x0000e0e9349fe190:   0000e0e92533ea40 0000e0e9349fe328
0x0000e0e9349fe1a0:   0000e0e900000000 0000e0e93002a7b0
0x0000e0e9349fe1b0:   0000e0e9349fe1c0 0000e0e935235f58
0x0000e0e9349fe1c0:   0000e0e9349fe2a0 0000e0e935211398
0x0000e0e9349fe1d0:   0000e0e93002a7b0 0000e0e9349fe2e8 

Instructions: (pc=0x0000e0e92533fb5c)
0x0000e0e92533fa5c:   b8 6f 38 8b 91 31 40 f9 20 02 3f d6 ac 83 5e f8
0x0000e0e92533fa6c:   f3 03 00 aa 91 29 40 b9 11 01 18 36 91 05 40 f9
0x0000e0e92533fa7c:   31 06 40 f9 31 0e 40 f9 31 3a 40 f9 31 02 40 f9
0x0000e0e92533fa8c:   b1 0f 00 f9 a1 63 00 91 8a 2d 40 f9 09 c2 99 d2
0x0000e0e92533fa9c:   c9 ac a6 f2 29 1d dc f2 29 01 40 f9 5f 01 09 eb
0x0000e0e92533faac:   81 03 00 54 e1 03 0c aa b6 83 1b f8 e0 03 1c aa
0x0000e0e92533fabc:   28 01 00 10 88 d3 01 f9 94 cf 01 f9 9d d7 01 f9
0x0000e0e92533facc:   e8 33 bf a9 08 2c 99 d2 48 a4 a6 f2 28 1d dc f2
0x0000e0e92533fadc:   00 01 3f d6 e8 33 c1 a8 fe ff ff 10 9f cf 01 f9
0x0000e0e92533faec:   9f d7 01 f9 9f d3 01 f9 88 07 40 f9 a8 00 00 b4
0x0000e0e92533fafc:   08 10 8e d2 68 a6 a4 f2 28 1d dc f2 00 01 1f d6
0x0000e0e92533fb0c:   b6 e3 7b a9 b8 6f 38 8b ac 83 5e f8 8a 2d 40 f9
0x0000e0e92533fb1c:   80 e3 0e 91 08 01 00 10 88 d3 01 f9 94 cf 01 f9
0x0000e0e92533fb2c:   9d d7 01 f9 e8 03 7e b2 89 13 11 91 28 fd 9f 88
0x0000e0e92533fb3c:   40 01 3f d6 ac 83 5e f8 88 82 00 d1 1f ed 7c 92
0x0000e0e92533fb4c:   80 0e 1f fc 9f 8e 1f f8 80 8e 1f f8 e8 03 1f 2a
0x0000e0e92533fb5c:   e8 e3 30 04 1f 05 00 31 80 00 00 54 c1 d5 bb d4
0x0000e0e92533fb6c:   38 db 9a 35 e9 e0 00 00 a8 00 80 d2 89 13 11 91
0x0000e0e92533fb7c:   28 fd 9f 88 bf 3b 03 d5 88 23 11 91 08 fd df c8
0x0000e0e92533fb8c:   bf 03 08 eb 68 00 00 54 89 43 44 b9 69 01 00 b4
0x0000e0e92533fb9c:   e0 03 1c aa 89 32 9a d2 89 a4 a6 f2 29 1d dc f2
0x0000e0e92533fbac:   20 01 3f d6 ac 83 5e f8 1b f0 88 d2 fb ba a6 f2
0x0000e0e92533fbbc:   3b 1d dc f2 7b 03 40 f9 e8 03 7d b2 89 13 11 91
0x0000e0e92533fbcc:   28 fd 9f 88 9f cf 01 f9 9f d7 01 f9 9f d3 01 f9
0x0000e0e92533fbdc:   91 17 42 f9 3f 82 00 f9 d1 e8 fe 10 3f 02 13 eb
0x0000e0e92533fbec:   c1 01 00 54 80 06 41 f8 20 01 00 b4 1f 04 40 f2
0x0000e0e92533fbfc:   61 00 00 54 00 00 40 f9 05 00 00 14 60 00 00 37
0x0000e0e92533fc0c:   00 e0 5f f8 02 00 00 14 00 f0 5f f8 a0 0f 00 f9
0x0000e0e92533fc1c:   9f 8e 1f f8 80 8e 1f f8 88 03 13 91 08 01 40 b9
0x0000e0e92533fc2c:   1f 09 00 f1 e1 04 00 54 e0 07 b7 a9 e2 0f 01 a9
0x0000e0e92533fc3c:   e4 17 02 a9 e6 1f 03 a9 ea 2f 04 a9 ec 37 05 a9
0x0000e0e92533fc4c:   ee 3f 06 a9 f0 47 07 a9 f2 7f 08 a9 ff 83 00 d1 


Stack slot to memory mapping:

stack at sp + 0 slots: 0x0 is null
stack at sp + 1 slots: 0x0 is null
stack at sp + 2 slots: 0xffffff0000000000 is an unknown value
stack at sp + 3 slots: 0x2d7749fa8e4d0800 is an unknown value
stack at sp + 4 slots: 0x0000e0e9349fe000 is pointing into the stack for thread: 0x0000e0e93002a7b0
stack at sp + 5 slots: 0x0 is null
stack at sp + 6 slots: 0x0000000000000003 is an unknown value
stack at sp + 7 slots: 0x000000a000003140 is pointing into metadata

native method entry point (kind = native)  [0x0000e0e92533f7c0, 0x0000e0e92533fee0]  1824 bytes
[MachCode]
  0x0000e0e92533f7c0: 8205 40f9 | 425c 4079 | 986e 228b | 1823 00d1 | 9fee 7c92 | f4c3 01d1 | f603 1faa | f47f b9a9 
  0x0000e0e92533f7e0: ff7f 06a9 | 8809 40f9 | 4800 00b4 | 08e1 0491 | e833 03a9 | fd7b 05a9 | fd43 0191 | 9a05 40f9 
  0x0000e0e92533f800: 5a07 40f9 | 5a0b 40f9 | 0803 1dcb | 08fd 43d3 | e86b 01a9 | ff4f 04a9 | 8a05 40f9 | 4a05 40f9 
  0x0000e0e92533f820: 4a0d 40f9 | 4a39 40f9 | 4a01 40f9 | e843 00d1 | ea23 02a9 | 1f01 0091 | e903 40b2 | 89c7 1139 
  0x0000e0e92533f840: 8009 40f9 | 0001 00b4 | 08fc 40b9 | 0809 0091 | 08fc 00b9 | 0910 41b9 | 0801 09ea | e030 0054 
  0x0000e0e92533f860: 2400 0014 | 890d 40f9 | 8903 00b5 | e103 0caa | b683 1bf8 | e003 1caa | 2801 0010 | 88d3 01f9 
  0x0000e0e92533f880: 94cf 01f9 | 9dd7 01f9 | e833 bfa9 | 0814 94d2 | 48a4 a6f2 | 281d dcf2 | 0001 3fd6 | e833 c1a8 
  0x0000e0e92533f8a0: feff ff10 | 9fcf 01f9 | 9fd7 01f9 | 9fd3 01f9 | 8807 40f9 | a800 00b4 | 0810 8ed2 | 68a6 a4f2 
  0x0000e0e92533f8c0: 281d dcf2 | 0001 1fd6 | b6e3 7ba9 | b86f 388b | 890d 40f9 | e900 00b4 | 2809 40b9 | 0809 0091 
  0x0000e0e92533f8e0: 2809 00b9 | 211d 40b9 | 0801 01ea | 602c 0054 | 8873 42f9 | ff63 28eb | c805 0054 | e907 40d1 
  0x0000e0e92533f900: 3f01 00f9 | e90b 40d1 | 3f01 00f9 | e90f 40d1 | 3f01 00f9 | e913 40d1 | 3f01 00f9 | e917 40d1 
  0x0000e0e92533f920: 3f01 00f9 | e91b 40d1 | 3f01 00f9 | e91f 40d1 | 3f01 00f9 | e923 40d1 | 3f01 00f9 | e927 40d1 
  0x0000e0e92533f940: 3f01 00f9 | e92b 40d1 | 3f01 00f9 | e92f 40d1 | 3f01 00f9 | e933 40d1 | 3f01 00f9 | e937 40d1 
  0x0000e0e92533f960: 3f01 00f9 | e93b 40d1 | 3f01 00f9 | e93f 40d1 | 3f01 00f9 | e943 40d1 | 3f01 00f9 | e947 40d1 
  0x0000e0e92533f980: 3f01 00f9 | e94b 40d1 | 3f01 00f9 | e94f 40d1 | 3f01 00f9 | e953 40d1 | 3f01 00f9 | 886f 42f9 
  0x0000e0e92533f9a0: ff63 28eb | 6900 0054 | e803 0091 | 8873 02f9 | 9fc7 1139 | c853 0890 | 08d5 4e39 | 2801 0034 
  0x0000e0e92533f9c0: a183 5ef8 | e003 1caa | e833 bfa9 | 0806 9dd2 | c8ac a6f2 | 281d dcf2 | 0001 3fd6 | e833 c1a8 
  0x0000e0e92533f9e0: 9105 40f9 | 315e 4079 | 886e 31cb | 1fed 7c92 | f403 08aa | 9131 40f9 | 7103 00b5 | e103 0caa 
  0x0000e0e92533fa00: b683 1bf8 | e003 1caa | 2801 0010 | 88d3 01f9 | 94cf 01f9 | 9dd7 01f9 | e833 bfa9 | 082c 99d2 
  0x0000e0e92533fa20: 48a4 a6f2 | 281d dcf2 | 0001 3fd6 | e833 c1a8 | feff ff10 | 9fcf 01f9 | 9fd7 01f9 | 9fd3 01f9 
  0x0000e0e92533fa40: 8807 40f9 | a800 00b4 | 0810 8ed2 | 68a6 a4f2 | 281d dcf2 | 0001 1fd6 | b6e3 7ba9 | b86f 388b 
  0x0000e0e92533fa60: 9131 40f9 | 2002 3fd6 | ac83 5ef8 | f303 00aa | 9129 40b9 | 1101 1836 | 9105 40f9 | 3106 40f9 
  0x0000e0e92533fa80: 310e 40f9 | 313a 40f9 | 3102 40f9 | b10f 00f9 | a163 0091 | 8a2d 40f9 | 09c2 99d2 | c9ac a6f2 
  0x0000e0e92533faa0: 291d dcf2 | 2901 40f9 | 5f01 09eb | 8103 0054 | e103 0caa | b683 1bf8 | e003 1caa | 2801 0010 
  0x0000e0e92533fac0: 88d3 01f9 | 94cf 01f9 | 9dd7 01f9 | e833 bfa9 | 082c 99d2 | 48a4 a6f2 | 281d dcf2 | 0001 3fd6 
  0x0000e0e92533fae0: e833 c1a8 | feff ff10 | 9fcf 01f9 | 9fd7 01f9 | 9fd3 01f9 | 8807 40f9 | a800 00b4 | 0810 8ed2 
  0x0000e0e92533fb00: 68a6 a4f2 | 281d dcf2 | 0001 1fd6 | b6e3 7ba9 | b86f 388b | ac83 5ef8 | 8a2d 40f9 | 80e3 0e91 
  0x0000e0e92533fb20: 0801 0010 | 88d3 01f9 | 94cf 01f9 | 9dd7 01f9 | e803 7eb2 | 8913 1191 | 28fd 9f88 | 4001 3fd6 
  0x0000e0e92533fb40: ac83 5ef8 | 8882 00d1 | 1fed 7c92 | 800e 1ffc | 9f8e 1ff8 | 808e 1ff8 | e803 1f2a | e8e3 3004 
  0x0000e0e92533fb60: 1f05 0031 | 8000 0054 | c1d5 bbd4 | 38db 9a35 | e9e0 0000 | a800 80d2 | 8913 1191 | 28fd 9f88 
  0x0000e0e92533fb80: bf3b 03d5 | 8823 1191 | 08fd dfc8 | bf03 08eb | 6800 0054 | 8943 44b9 | 6901 00b4 | e003 1caa 
  0x0000e0e92533fba0: 8932 9ad2 | 89a4 a6f2 | 291d dcf2 | 2001 3fd6 | ac83 5ef8 | 1bf0 88d2 | fbba a6f2 | 3b1d dcf2 
  0x0000e0e92533fbc0: 7b03 40f9 | e803 7db2 | 8913 1191 | 28fd 9f88 | 9fcf 01f9 | 9fd7 01f9 | 9fd3 01f9 | 9117 42f9 
  0x0000e0e92533fbe0: 3f82 00f9 | d1e8 fe10 | 3f02 13eb | c101 0054 | 8006 41f8 | 2001 00b4 | 1f04 40f2 | 6100 0054 
  0x0000e0e92533fc00: 0000 40f9 | 0500 0014 | 6000 0037 | 00e0 5ff8 | 0200 0014 | 00f0 5ff8 | a00f 00f9 | 9f8e 1ff8 
  0x0000e0e92533fc20: 808e 1ff8 | 8803 1391 | 0801 40b9 | 1f09 00f1 | e104 0054 | e007 b7a9 | e20f 01a9 | e417 02a9 
  0x0000e0e92533fc40: e61f 03a9 | ea2f 04a9 | ec37 05a9 | ee3f 06a9 | f047 07a9 | f27f 08a9 | ff83 00d1 | e8eb 7bb2 
  0x0000e0e92533fc60: fc2f 880c | f82f 880c | f42f 880c | f02f 880c | e42f 880c | e02f 000c | e003 1caa | 8904 9fd2 
  0x0000e0e92533fc80: c9ac a6f2 | 291d dcf2 | 2001 3fd6 | e02f df0c | e42f df0c | f02f df0c | f42f df0c | f82f df0c 
  0x0000e0e92533fca0: fc2f df0c | e7e3 1825 | e20f 41a9 | e417 42a9 | e61f 43a9 | ea2f 44a9 | ec37 45a9 | ee3f 46a9 
  0x0000e0e92533fcc0: f047 47a9 | f27f 48a9 | e007 c9a8 | ac83 5ef8 | 9605 40f9 | d6e2 0091 | 8807 40f9 | 8803 00b4 
  0x0000e0e92533fce0: b683 1bf8 | e003 1caa | 2801 0010 | 88d3 01f9 | 94cf 01f9 | 9dd7 01f9 | e833 bfa9 | 0802 92d2 
  0x0000e0e92533fd00: 48a4 a6f2 | 281d dcf2 | 0001 3fd6 | e833 c1a8 | feff ff10 | 9fcf 01f9 | 9fd7 01f9 | 9fd3 01f9 
  0x0000e0e92533fd20: 8807 40f9 | a800 00b4 | 0810 8ed2 | 68a6 a4f2 | 281d dcf2 | 0001 1fd6 | b6e3 7ba9 | b86f 388b 
  0x0000e0e92533fd40: c1d5 bbd4 | c891 9535 | e9e0 0000 | 9129 40b9 | f106 2836 | a183 01d1 | 3104 40f9 | 9103 00b5 
  0x0000e0e92533fd60: b683 1bf8 | e003 1caa | 2801 0010 | 88d3 01f9 | 94cf 01f9 | 9dd7 01f9 | e833 bfa9 | 8818 93d2 
  0x0000e0e92533fd80: 48a4 a6f2 | 281d dcf2 | 0001 3fd6 | e833 c1a8 | feff ff10 | 9fcf 01f9 | 9fd7 01f9 | 9fd3 01f9 
  0x0000e0e92533fda0: 8807 40f9 | a800 00b4 | 0810 8ed2 | 68a6 a4f2 | 281d dcf2 | 0001 1fd6 | b6e3 7ba9 | b86f 388b 
  0x0000e0e92533fdc0: c1d5 bbd4 | c891 9535 | e9e0 0000 | b683 1bf8 | 2000 00d1 | 2304 40f9 | 3f04 00f9 | 0200 40f9 
  0x0000e0e92533fde0: e201 00b4 | e803 00aa | 62fc e0c8 | 1f01 00eb | 6001 0054 | bf3b 03d5 | 2304 00f9 | e003 01aa 
  0x0000e0e92533fe00: e833 bfa9 | 0804 93d2 | 48a4 a6f2 | 281d dcf2 | 0001 3fd6 | e833 c1a8 | 0400 0014 | 88a7 42f9 
  0x0000e0e92533fe20: 0805 00d1 | 88a7 02f9 | b683 5bf8 | c853 0890 | 08d5 4e39 | 2801 0034 | a183 5ef8 | e003 1caa 
  0x0000e0e92533fe40: e833 bfa9 | 0828 9dd2 | c8ac a6f2 | 281d dcf2 | 0001 3fd6 | e833 c1a8 | 8006 41f8 | 8006 41fc 
  0x0000e0e92533fe60: 6002 3fd6 | b483 5ff8 | bf03 0091 | fd7b c1a8 | 9f02 0091 | c003 5fd6 | 0100 80d2 | b683 1bf8 
  0x0000e0e92533fe80: e003 1caa | 2801 0010 | 88d3 01f9 | 94cf 01f9 | 9dd7 01f9 | e833 bfa9 | 080c 9ad2 | 48a4 a6f2 
  0x0000e0e92533fea0: 281d dcf2 | 0001 3fd6 | e833 c1a8 | feff ff10 | 9fcf 01f9 | 9fd7 01f9 | 9fd3 01f9 | 8807 40f9 
  0x0000e0e92533fec0: a800 00b4 | 0810 8ed2 | 68a6 a4f2 | 281d dcf2 | 0001 1fd6 | b6e3 7ba9 | b86f 388b | 85fe ff17 
[/MachCode]

---------------  P R O C E S S  ---------------

Threads class SMR info:
_java_thread_list=0x0000e0e930052950, length=1, elements={
0x0000e0e93002a7b0
}

Java Threads: ( => current thread )
=>0x0000e0e93002a7b0 JavaThread "Unknown thread"             [_thread_in_native, id=7436, stack(0x0000e0e934802000,0x0000e0e934a00000) (2040K)]
Total: 1

Other Threads:
  0x0000e0e930148290 VMThread "VM Thread"                           [id=7439, stack(0x0000e0e915c10000,0x0000e0e915e0e000) (2040K)]
  0x0000e0e930051aa0 WatcherThread "VM Periodic Task Thread"        [id=7438, stack(0x0000e0e91d410000,0x0000e0e91d60e000) (2040K)]
  0x0000e0e930042ce0 WorkerThread "GC Thread#0"                     [id=7437, stack(0x0000e0e91da10000,0x0000e0e91dc0e000) (2040K)]
Total: 3

Threads with active compile tasks:
Total: 0

VM state: not at safepoint (normal execution)

VM Mutex/Monitor currently owned by a thread: None

Heap address: 0x00000000c0000000, size: 1024 MB, Compressed Oops mode: 32-bit

CDS archive(s) mapped at: [0x000000a000000000-0x000000a000bc0000-0x000000a000bc0000), size 12320768, SharedBaseAddress: 0x000000a000000000, ArchiveRelocationMode: 1.
Compressed class space mapped at: 0x000000a001000000-0x000000a041000000, reserved size: 1073741824
Narrow klass base: 0x000000a000000000, Narrow klass shift: 0, Narrow klass range: 0x100000000

GC Precious Log:
 CardTable entry size: 512
 CPUs: 7 total, 7 available
 Memory: 7919M
 Large Page Support: Disabled
 NUMA Support: Disabled
 Compressed Oops: Enabled (32-bit)
 Alignments: Space 512K, Generation 512K, Heap 2M
 Heap Min Capacity: 100M
 Heap Initial Capacity: 100M
 Heap Max Capacity: 1G
 Pre-touch: Disabled
 Parallel Workers: 7

Heap:
 PSYoungGen      total 29696K, used 512K [0x00000000eab00000, 0x00000000ecc00000, 0x0000000100000000)
  eden space 25600K, 2% used [0x00000000eab00000,0x00000000eab80010,0x00000000ec400000)
  from space 4096K, 0% used [0x00000000ec800000,0x00000000ec800000,0x00000000ecc00000)
  to   space 4096K, 0% used [0x00000000ec400000,0x00000000ec400000,0x00000000ec800000)
 ParOldGen       total 68608K, used 1066K [0x00000000c0000000, 0x00000000c4300000, 0x00000000eab00000)
  object space 68608K, 1% used [0x00000000c0000000,0x00000000c010aa80,0x00000000c4300000)
 Metaspace       used 1K, committed 128K, reserved 1114112K
  class space    used 0K, committed 64K, reserved 1048576K

Card table byte_map: [0x0000e0e934200000,0x0000e0e934401000] _byte_map_base: 0x0000e0e933c00000

Marking Bits: (ParMarkBitMap*) 0x0000e0e935dfda08
 Begin Bits: [0x0000e0e916000000, 0x0000e0e917000000)
 End Bits:   [0x0000e0e917000000, 0x0000e0e918000000)

Polling page: 0x0000e0e9361cc000

Metaspace:

Usage:
  Non-class:    304 bytes used.
      Class:    976 bytes used.
       Both:      1.25 KB used.

Virtual space:
  Non-class space:       64.00 MB reserved,      64.00 KB ( <1%) committed,  1 nodes.
      Class space:        1.00 GB reserved,      64.00 KB ( <1%) committed,  1 nodes.
             Both:        1.06 GB reserved,     128.00 KB ( <1%) committed. 

Chunk freelists:
   Non-Class:  12.00 MB
       Class:  15.75 MB
        Both:  27.75 MB

MaxMetaspaceSize: unlimited
CompressedClassSpaceSize: 1.00 GB
Initial GC threshold: 21.00 MB
Current GC threshold: 17179869184.00 GB
CDS: on
 - commit_granule_bytes: 65536.
 - commit_granule_words: 8192.
 - virtual_space_node_default_size: 8388608.
 - enlarge_chunks_in_place: 1.
 - use_allocation_guard: 0.


Internal statistics:

num_allocs_failed_limit: 0.
num_arena_births: 2.
num_arena_deaths: 0.
num_vsnodes_births: 2.
num_vsnodes_deaths: 0.
num_space_committed: 2.
num_space_uncommitted: 0.
num_chunks_returned_to_freelist: 0.
num_chunks_taken_from_freelist: 3.
num_chunk_merges: 0.
num_chunk_splits: 2.
num_chunks_enlarged: 0.
num_inconsistent_stats: 0.

CodeHeap 'non-profiled nmethods': size=120032Kb used=0Kb max_used=0Kb free=120032Kb
 bounds [0x0000e0e9258c8000, 0x0000e0e925b38000, 0x0000e0e92ce00000]
CodeHeap 'profiled nmethods': size=120028Kb used=0Kb max_used=0Kb free=120028Kb
 bounds [0x0000e0e91de00000, 0x0000e0e91e070000, 0x0000e0e925337000]
CodeHeap 'non-nmethods': size=5700Kb used=365Kb max_used=365Kb free=5334Kb
 bounds [0x0000e0e925337000, 0x0000e0e9255a7000, 0x0000e0e9258c8000]
 total_blobs=92 nmethods=0 adapters=67
 compilation: enabled
              stopped_count=0, restarted_count=0
 full_count=0

Compilation events (0 events):
No events

GC Heap History (0 events):
No events

Dll operation events (1 events):
Event: 0.001 Loaded shared library /home/xander/.vscode/extensions/redhat.java-1.41.1-linux-arm64/jre/21.0.6-linux-aarch64/lib/libjava.so

Deoptimization events (0 events):
No events

Classes loaded (0 events):
No events

Classes unloaded (0 events):
No events

Classes redefined (0 events):
No events

Internal exceptions (0 events):
No events

ZGC Phase Switch (0 events):
No events

VM Operations (0 events):
No events

Memory protections (1 events):
Event: 0.001 Protecting memory [0x0000e0e934802000,0x0000e0e934806000] with protection modes 0

Nmethod flushes (0 events):
No events

Events (1 events):
Event: 0.008 Thread 0x0000e0e93002a7b0 Thread added: 0x0000e0e93002a7b0


Dynamic libraries:
c0000000-c4300000 rw-p 00000000 00:00 0 
c4300000-eab00000 ---p 00000000 00:00 0 
eab00000-ecc00000 rw-p 00000000 00:00 0 
ecc00000-100000000 ---p 00000000 00:00 0 
a000000000-a000bc0000 rw-p 00010000 fc:00 1645894                        /home/xander/.vscode/extensions/redhat.java-1.41.1-linux-arm64/jre/21.0.6-linux-aarch64/lib/server/classes.jsa
a000bc0000-a001040000 ---p 00000000 00:00 0 
a001040000-a001050000 rw-p 00000000 00:00 0 
a001050000-a041000000 ---p 00000000 00:00 0 
b24e0b310000-b24e0b311000 r-xp 00000000 fc:00 1645481                    /home/xander/.vscode/extensions/redhat.java-1.41.1-linux-arm64/jre/21.0.6-linux-aarch64/bin/java
b24e0b32f000-b24e0b330000 r--p 0000f000 fc:00 1645481                    /home/xander/.vscode/extensions/redhat.java-1.41.1-linux-arm64/jre/21.0.6-linux-aarch64/bin/java
b24e0b330000-b24e0b331000 rw-p 00010000 fc:00 1645481                    /home/xander/.vscode/extensions/redhat.java-1.41.1-linux-arm64/jre/21.0.6-linux-aarch64/bin/java
b24e2848c000-b24e284d4000 rw-p 00000000 00:00 0                          [heap]
e0e904000000-e0e904021000 rw-p 00000000 00:00 0 
e0e904021000-e0e908000000 ---p 00000000 00:00 0 
e0e90c000000-e0e90c010000 rw-p 00000000 00:00 0 
e0e90c010000-e0e910000000 ---p 00000000 00:00 0 
e0e910000000-e0e910021000 rw-p 00000000 00:00 0 
e0e910021000-e0e914000000 ---p 00000000 00:00 0 
e0e915400000-e0e9156c2000 rw-p 00000000 00:00 0 
e0e915800000-e0e915a07000 rw-p 00000000 00:00 0 
e0e915c00000-e0e915c10000 ---p 00000000 00:00 0 
e0e915c10000-e0e915e0e000 rw-p 00000000 00:00 0 
e0e916000000-e0e918021000 rw-p 00000000 00:00 0 
e0e918021000-e0e91c000000 ---p 00000000 00:00 0 
e0e91c0ed000-e0e91d400000 rw-p 00000000 00:00 0 
e0e91d400000-e0e91d410000 ---p 00000000 00:00 0 
e0e91d410000-e0e91d60e000 rw-p 00000000 00:00 0 
e0e91d6ff000-e0e91da00000 rw-p 00000000 00:00 0 
e0e91da00000-e0e91da10000 ---p 00000000 00:00 0 
e0e91da10000-e0e91dc0e000 rw-p 00000000 00:00 0 
e0e91dcff000-e0e91de00000 rw-p 00000000 00:00 0 
e0e91de00000-e0e91e070000 rwxp 00000000 00:00 0 
e0e91e070000-e0e925337000 ---p 00000000 00:00 0 
e0e925337000-e0e9255a7000 rwxp 00000000 00:00 0 
e0e9255a7000-e0e9258c8000 ---p 00000000 00:00 0 
e0e9258c8000-e0e925b38000 rwxp 00000000 00:00 0 
e0e925b38000-e0e92ce00000 ---p 00000000 00:00 0 
e0e92ce00000-e0e92ffc7000 r--s 00000000 fc:00 1645884                    /home/xander/.vscode/extensions/redhat.java-1.41.1-linux-arm64/jre/21.0.6-linux-aarch64/lib/modules
e0e930000000-e0e930173000 rw-p 00000000 00:00 0 
e0e930173000-e0e934000000 ---p 00000000 00:00 0 
e0e9340e3000-e0e934222000 rw-p 00000000 00:00 0 
e0e934222000-e0e934355000 ---p 00000000 00:00 0 
e0e934355000-e0e934366000 rw-p 00000000 00:00 0 
e0e934366000-e0e934401000 ---p 00000000 00:00 0 
e0e934440000-e0e934476000 rw-p 00000000 00:00 0 
e0e934476000-e0e9345aa000 ---p 00000000 00:00 0 
e0e9345aa000-e0e9345af000 rw-p 00000000 00:00 0 
e0e9345af000-e0e934695000 ---p 00000000 00:00 0 
e0e934695000-e0e93469a000 rw-p 00000000 00:00 0 
e0e93469a000-e0e934780000 ---p 00000000 00:00 0 
e0e934780000-e0e9347a1000 r-xp 00000000 fc:00 1645860                    /home/xander/.vscode/extensions/redhat.java-1.41.1-linux-arm64/jre/21.0.6-linux-aarch64/lib/libjava.so
e0e9347a1000-e0e9347bf000 ---p 00021000 fc:00 1645860                    /home/xander/.vscode/extensions/redhat.java-1.41.1-linux-arm64/jre/21.0.6-linux-aarch64/lib/libjava.so
e0e9347bf000-e0e9347c0000 r--p 0002f000 fc:00 1645860                    /home/xander/.vscode/extensions/redhat.java-1.41.1-linux-arm64/jre/21.0.6-linux-aarch64/lib/libjava.so
e0e9347c0000-e0e9347c1000 rw-p 00030000 fc:00 1645860                    /home/xander/.vscode/extensions/redhat.java-1.41.1-linux-arm64/jre/21.0.6-linux-aarch64/lib/libjava.so
e0e9347c1000-e0e9347c2000 rw-p 00000000 00:00 0 
e0e9347d0000-e0e9347eb000 r-xp 00000000 fc:00 1645864                    /home/xander/.vscode/extensions/redhat.java-1.41.1-linux-arm64/jre/21.0.6-linux-aarch64/lib/libjimage.so
e0e9347eb000-e0e9347fe000 ---p 0001b000 fc:00 1645864                    /home/xander/.vscode/extensions/redhat.java-1.41.1-linux-arm64/jre/21.0.6-linux-aarch64/lib/libjimage.so
e0e9347fe000-e0e934800000 r--p 0001e000 fc:00 1645864                    /home/xander/.vscode/extensions/redhat.java-1.41.1-linux-arm64/jre/21.0.6-linux-aarch64/lib/libjimage.so
e0e934800000-e0e934801000 rw-p 00020000 fc:00 1645864                    /home/xander/.vscode/extensions/redhat.java-1.41.1-linux-arm64/jre/21.0.6-linux-aarch64/lib/libjimage.so
e0e934802000-e0e934806000 ---p 00000000 00:00 0 
e0e934806000-e0e934a00000 rw-p 00000000 00:00 0 
e0e934a00000-e0e935c77000 r-xp 00000000 fc:00 1645896                    /home/xander/.vscode/extensions/redhat.java-1.41.1-linux-arm64/jre/21.0.6-linux-aarch64/lib/server/libjvm.so
e0e935c77000-e0e935c92000 ---p 01277000 fc:00 1645896                    /home/xander/.vscode/extensions/redhat.java-1.41.1-linux-arm64/jre/21.0.6-linux-aarch64/lib/server/libjvm.so
e0e935c92000-e0e935d70000 r--p 01282000 fc:00 1645896                    /home/xander/.vscode/extensions/redhat.java-1.41.1-linux-arm64/jre/21.0.6-linux-aarch64/lib/server/libjvm.so
e0e935d70000-e0e935da2000 rw-p 01360000 fc:00 1645896                    /home/xander/.vscode/extensions/redhat.java-1.41.1-linux-arm64/jre/21.0.6-linux-aarch64/lib/server/libjvm.so
e0e935da2000-e0e935e26000 rw-p 00000000 00:00 0 
e0e935e30000-e0e935e3b000 r-xp 00000000 fc:00 1645855                    /home/xander/.vscode/extensions/redhat.java-1.41.1-linux-arm64/jre/21.0.6-linux-aarch64/lib/libinstrument.so
e0e935e3b000-e0e935e4f000 ---p 0000b000 fc:00 1645855                    /home/xander/.vscode/extensions/redhat.java-1.41.1-linux-arm64/jre/21.0.6-linux-aarch64/lib/libinstrument.so
e0e935e4f000-e0e935e50000 r--p 0000f000 fc:00 1645855                    /home/xander/.vscode/extensions/redhat.java-1.41.1-linux-arm64/jre/21.0.6-linux-aarch64/lib/libinstrument.so
e0e935e50000-e0e935e51000 rw-p 00010000 fc:00 1645855                    /home/xander/.vscode/extensions/redhat.java-1.41.1-linux-arm64/jre/21.0.6-linux-aarch64/lib/libinstrument.so
e0e935e60000-e0e935ee5000 r-xp 00000000 fc:00 525869                     /usr/lib/aarch64-linux-gnu/libm.so.6
e0e935ee5000-e0e935eff000 ---p 00085000 fc:00 525869                     /usr/lib/aarch64-linux-gnu/libm.so.6
e0e935eff000-e0e935f00000 r--p 0008f000 fc:00 525869                     /usr/lib/aarch64-linux-gnu/libm.so.6
e0e935f00000-e0e935f01000 rw-p 00090000 fc:00 525869                     /usr/lib/aarch64-linux-gnu/libm.so.6
e0e935f10000-e0e935f11000 r-xp 00000000 fc:00 525954                     /usr/lib/aarch64-linux-gnu/librt.so.1
e0e935f11000-e0e935f2f000 ---p 00001000 fc:00 525954                     /usr/lib/aarch64-linux-gnu/librt.so.1
e0e935f2f000-e0e935f30000 r--p 0000f000 fc:00 525954                     /usr/lib/aarch64-linux-gnu/librt.so.1
e0e935f30000-e0e935f31000 rw-p 00010000 fc:00 525954                     /usr/lib/aarch64-linux-gnu/librt.so.1
e0e935f40000-e0e9360da000 r-xp 00000000 fc:00 525756                     /usr/lib/aarch64-linux-gnu/libc.so.6
e0e9360da000-e0e9360ed000 ---p 0019a000 fc:00 525756                     /usr/lib/aarch64-linux-gnu/libc.so.6
e0e9360ed000-e0e9360f0000 r--p 0019d000 fc:00 525756                     /usr/lib/aarch64-linux-gnu/libc.so.6
e0e9360f0000-e0e9360f2000 rw-p 001a0000 fc:00 525756                     /usr/lib/aarch64-linux-gnu/libc.so.6
e0e9360f2000-e0e9360fe000 rw-p 00000000 00:00 0 
e0e936100000-e0e936101000 r-xp 00000000 fc:00 525773                     /usr/lib/aarch64-linux-gnu/libdl.so.2
e0e936101000-e0e93611f000 ---p 00001000 fc:00 525773                     /usr/lib/aarch64-linux-gnu/libdl.so.2
e0e93611f000-e0e936120000 r--p 0000f000 fc:00 525773                     /usr/lib/aarch64-linux-gnu/libdl.so.2
e0e936120000-e0e936121000 rw-p 00010000 fc:00 525773                     /usr/lib/aarch64-linux-gnu/libdl.so.2
e0e936130000-e0e936131000 r-xp 00000000 fc:00 525947                     /usr/lib/aarch64-linux-gnu/libpthread.so.0
e0e936131000-e0e93614f000 ---p 00001000 fc:00 525947                     /usr/lib/aarch64-linux-gnu/libpthread.so.0
e0e93614f000-e0e936150000 r--p 0000f000 fc:00 525947                     /usr/lib/aarch64-linux-gnu/libpthread.so.0
e0e936150000-e0e936151000 rw-p 00010000 fc:00 525947                     /usr/lib/aarch64-linux-gnu/libpthread.so.0
e0e936154000-e0e936159000 rw-p 00000000 00:00 0 
e0e936159000-e0e936160000 ---p 00000000 00:00 0 
e0e936160000-e0e936178000 r-xp 00000000 fc:00 1645865                    /home/xander/.vscode/extensions/redhat.java-1.41.1-linux-arm64/jre/21.0.6-linux-aarch64/lib/libjli.so
e0e936178000-e0e93618f000 ---p 00018000 fc:00 1645865                    /home/xander/.vscode/extensions/redhat.java-1.41.1-linux-arm64/jre/21.0.6-linux-aarch64/lib/libjli.so
e0e93618f000-e0e936190000 r--p 0001f000 fc:00 1645865                    /home/xander/.vscode/extensions/redhat.java-1.41.1-linux-arm64/jre/21.0.6-linux-aarch64/lib/libjli.so
e0e936190000-e0e936191000 rw-p 00020000 fc:00 1645865                    /home/xander/.vscode/extensions/redhat.java-1.41.1-linux-arm64/jre/21.0.6-linux-aarch64/lib/libjli.so
e0e936196000-e0e9361bd000 r-xp 00000000 fc:00 525643                     /usr/lib/aarch64-linux-gnu/ld-linux-aarch64.so.1
e0e9361bd000-e0e9361bf000 rw-p 00000000 00:00 0 
e0e9361c4000-e0e9361cc000 rw-s 00000000 fc:00 393362                     /tmp/hsperfdata_xander/7435
e0e9361cc000-e0e9361cd000 ---p 00000000 00:00 0 
e0e9361cd000-e0e9361ce000 r--p 00000000 00:00 0 
e0e9361ce000-e0e9361cf000 ---p 00000000 00:00 0 
e0e9361cf000-e0e9361d1000 rw-p 00000000 00:00 0 
e0e9361d1000-e0e9361d3000 r--p 00000000 00:00 0                          [vvar]
e0e9361d3000-e0e9361d4000 r-xp 00000000 00:00 0                          [vdso]
e0e9361d4000-e0e9361d6000 r--p 0002e000 fc:00 525643                     /usr/lib/aarch64-linux-gnu/ld-linux-aarch64.so.1
e0e9361d6000-e0e9361d8000 rw-p 00030000 fc:00 525643                     /usr/lib/aarch64-linux-gnu/ld-linux-aarch64.so.1
ffffd710f000-ffffd7131000 rw-p 00000000 00:00 0                          [stack]
Total number of mappings: 109


VM Arguments:
jvm_args: --add-modules=ALL-SYSTEM --add-opens=java.base/java.util=ALL-UNNAMED --add-opens=java.base/java.lang=ALL-UNNAMED --add-opens=java.base/sun.nio.fs=ALL-UNNAMED -Declipse.application=org.eclipse.jdt.ls.core.id1 -Dosgi.bundles.defaultStartLevel=4 -Declipse.product=org.eclipse.jdt.ls.core.product -Djava.import.generatesMetadataFilesAtProjectRoot=false -DDetectVMInstallationsJob.disabled=true -Dfile.encoding=utf8 -XX:+UseParallelGC -XX:GCTimeRatio=4 -XX:AdaptiveSizePolicyWeight=90 -Dsun.zip.disableMemoryMapping=true -Xmx1G -Xms100m -Xlog:disable -javaagent:/home/xander/.vscode/extensions/redhat.java-1.41.1-linux-arm64/lombok/lombok-1.18.36.jar -XX:+HeapDumpOnOutOfMemoryError -XX:HeapDumpPath=/home/xander/.config/Code/User/workspaceStorage/08fb1f34b35509ece9643cfea22dbdeb/redhat.java -Daether.dependencyCollector.impl=bf 
java_command: /home/xander/.vscode/extensions/redhat.java-1.41.1-linux-arm64/server/plugins/org.eclipse.equinox.launcher_1.7.0.v20250331-1702.jar -configuration /home/xander/.config/Code/User/globalStorage/redhat.java/1.41.1/config_linux -data /home/xander/.config/Code/User/workspaceStorage/08fb1f34b35509ece9643cfea22dbdeb/redhat.java/jdt_ws --pipe=/run/user/1000/lsp-0f118112fab04a64a91c0c2aba6717a9.sock
java_class_path (initial): /home/xander/.vscode/extensions/redhat.java-1.41.1-linux-arm64/server/plugins/org.eclipse.equinox.launcher_1.7.0.v20250331-1702.jar
Launcher Type: SUN_STANDARD

[Global flags]
    uintx AdaptiveSizePolicyWeight                 = 90                                        {product} {command line}
     intx CICompilerCount                          = 3                                         {product} {ergonomic}
    uintx GCTimeRatio                              = 4                                         {product} {command line}
     bool HeapDumpOnOutOfMemoryError               = true                                   {manageable} {command line}
    ccstr HeapDumpPath                             = /home/xander/.config/Code/User/workspaceStorage/08fb1f34b35509ece9643cfea22dbdeb/redhat.java         {manageable} {command line}
   size_t InitialHeapSize                          = 104857600                                 {product} {command line}
   size_t MaxHeapSize                              = 1073741824                                {product} {command line}
   size_t MaxNewSize                               = 357564416                                 {product} {ergonomic}
   size_t MinHeapDeltaBytes                        = 524288                                    {product} {ergonomic}
   size_t MinHeapSize                              = 104857600                                 {product} {command line}
   size_t NewSize                                  = 34603008                                  {product} {ergonomic}
    uintx NonNMethodCodeHeapSize                   = 5832908                                {pd product} {ergonomic}
    uintx NonProfiledCodeHeapSize                  = 122912666                              {pd product} {ergonomic}
   size_t OldSize                                  = 70254592                                  {product} {ergonomic}
    uintx ProfiledCodeHeapSize                     = 122912666                              {pd product} {ergonomic}
    uintx ReservedCodeCacheSize                    = 251658240                              {pd product} {ergonomic}
     bool SegmentedCodeCache                       = true                                      {product} {ergonomic}
   size_t SoftMaxHeapSize                          = 1073741824                             {manageable} {ergonomic}
     bool UseCompressedOops                        = true                           {product lp64_product} {ergonomic}
     bool UseParallelGC                            = true                                      {product} {command line}

Logging:
Log output configuration:
 #0: stdout all=off uptime,level,tags foldmultilines=false
 #1: stderr all=off uptime,level,tags foldmultilines=false

Environment Variables:
PATH=/usr/local/sbin:/usr/local/bin:/usr/sbin:/usr/bin:/sbin:/bin:/usr/games:/usr/local/games:/snap/bin:/snap/bin
USERNAME=xander
SHELL=/bin/bash
DISPLAY=:0
LANG=fr_FR.UTF-8
TERM=xterm-256color

Active Locale:
LC_ALL=C
LC_COLLATE=C
LC_CTYPE=C
LC_MESSAGES=C
LC_MONETARY=C
LC_NUMERIC=C
LC_TIME=C

Signal Handlers:
   SIGSEGV: crash_handler in libjvm.so, mask=11100100010111111101111111111110, flags=SA_RESTART|SA_SIGINFO, unblocked
    SIGBUS: crash_handler in libjvm.so, mask=11100100010111111101111111111110, flags=SA_RESTART|SA_SIGINFO, unblocked
    SIGFPE: crash_handler in libjvm.so, mask=11100100010111111101111111111110, flags=SA_RESTART|SA_SIGINFO, unblocked
   SIGPIPE: javaSignalHandler in libjvm.so, mask=11100100010111111101111111111110, flags=SA_RESTART|SA_SIGINFO, blocked
   SIGXFSZ: javaSignalHandler in libjvm.so, mask=11100100010111111101111111111110, flags=SA_RESTART|SA_SIGINFO, blocked
    SIGILL: crash_handler in libjvm.so, mask=11100100010111111101111111111110, flags=SA_RESTART|SA_SIGINFO, unblocked
   SIGUSR2: SR_handler in libjvm.so, mask=00000000000000000000000000000000, flags=SA_RESTART|SA_SIGINFO, blocked
    SIGHUP: SIG_DFL, mask=00000000000000000000000000000000, flags=none, blocked
    SIGINT: SIG_DFL, mask=00000000000000000000000000000000, flags=none, blocked
   SIGTERM: SIG_DFL, mask=00000000000000000000000000000000, flags=none, blocked
   SIGQUIT: UserHandler in libjvm.so, mask=11100100010111111101111111111110, flags=SA_RESTART|SA_SIGINFO, blocked
   SIGTRAP: crash_handler in libjvm.so, mask=11100100010111111101111111111110, flags=SA_RESTART|SA_SIGINFO, unblocked


Periodic native trim disabled

---------------  S Y S T E M  ---------------

OS:
DISTRIB_ID=Ubuntu
DISTRIB_RELEASE=24.04
DISTRIB_CODENAME=noble
DISTRIB_DESCRIPTION="Ubuntu 24.04.2 LTS"
uname: Linux 6.8.0-57-generic #59-Ubuntu SMP PREEMPT_DYNAMIC Sat Mar 15 17:00:30 UTC 2025 aarch64
OS uptime: 0 days 0:09 hours
libc: glibc 2.39 NPTL 2.39 
rlimit (soft/hard): STACK 8192k/infinity , CORE 0k/infinity , NPROC 31211/31211 , NOFILE 1048576/1048576 , AS infinity/infinity , CPU infinity/infinity , DATA infinity/infinity , FSIZE infinity/infinity , MEMLOCK 1013744k/1013744k
load average: 0.54 0.45 0.20

/proc/meminfo:
MemTotal:        8109976 kB
MemFree:         4721924 kB
MemAvailable:    5844488 kB
Buffers:           67908 kB
Cached:          1320184 kB
SwapCached:            0 kB
Active:          2703116 kB
Inactive:         250008 kB
Active(anon):    1712864 kB
Inactive(anon):        0 kB
Active(file):     990252 kB
Inactive(file):   250008 kB
Unevictable:       49136 kB
Mlocked:           26256 kB
SwapTotal:       4194300 kB
SwapFree:        4194300 kB
Zswap:                 0 kB
Zswapped:              0 kB
Dirty:               472 kB
Writeback:             0 kB
AnonPages:       1614316 kB
Mapped:           662568 kB
Shmem:            140392 kB
KReclaimable:      51692 kB
Slab:             195616 kB
SReclaimable:      51692 kB
SUnreclaim:       143924 kB
KernelStack:       14764 kB
ShadowCallStack:    3716 kB
PageTables:        32964 kB
SecPageTables:         0 kB
NFS_Unstable:          0 kB
Bounce:                0 kB
WritebackTmp:          0 kB
CommitLimit:     8249288 kB
Committed_AS:   10438096 kB
VmallocTotal:   133141626880 kB
VmallocUsed:       39364 kB
VmallocChunk:          0 kB
Percpu:             4956 kB
HardwareCorrupted:     0 kB
AnonHugePages:         0 kB
ShmemHugePages:        0 kB
ShmemPmdMapped:        0 kB
FileHugePages:         0 kB
FilePmdMapped:         0 kB
CmaTotal:          32768 kB
CmaFree:           29568 kB
HugePages_Total:       0
HugePages_Free:        0
HugePages_Rsvd:        0
HugePages_Surp:        0
Hugepagesize:       2048 kB
Hugetlb:               0 kB

/sys/kernel/mm/transparent_hugepage/enabled: always [madvise] never
/sys/kernel/mm/transparent_hugepage/hpage_pmd_size: 2097152
/sys/kernel/mm/transparent_hugepage/defrag (defrag/compaction efforts parameter): always defer defer+madvise [madvise] never

Process Memory:
Virtual Size: 2839096K (peak: 2899732K)
Resident Set Size: 34916K (peak: 34916K) (anon: 19584K, file: 15332K, shmem: 0K)
Swapped out: 0K
C-Heap outstanding allocations: 29210K, retained: 601K
glibc malloc tunables: (default)

/proc/sys/kernel/threads-max (system-wide limit on the number of threads): 62422
/proc/sys/vm/max_map_count (maximum number of memory map areas a process may have): 1048576
/proc/sys/vm/swappiness (control to define how aggressively the kernel swaps out anonymous memory): 60
/proc/sys/kernel/pid_max (system-wide limit on number of process identifiers): 4194304

container (cgroup) information:
container_type: cgroupv2
cpu_cpuset_cpus: not supported
cpu_memory_nodes: not supported
active_processor_count: 7
cpu_quota: not supported
cpu_period: not supported
cpu_shares: not supported
memory_limit_in_bytes: unlimited
memory_and_swap_limit_in_bytes: unlimited
memory_soft_limit_in_bytes: unlimited
memory_usage_in_bytes: 1116364 k
memory_max_usage_in_bytes: not supported
memory_swap_current_in_bytes: unlimited
memory_swap_max_limit_in_bytes: unlimited
maximum number of tasks: 9363
current number of tasks: 176

Steal ticks since vm start: 0
Steal ticks percentage since vm start:  0.000

CPU: total 7 (initial active 7) 0x61:0x0:0x000:0, fp, asimd, evtstrm, aes, pmull, sha1, sha256, crc32, lse, dcpop, sha3, sha512, paca, sve2
/proc/cpuinfo:
processor	: 0
BogoMIPS	: 48.00
Features	: fp asimd evtstrm aes pmull sha1 sha2 crc32 atomics fphp asimdhp cpuid asimdrdm jscvt fcma lrcpc dcpop sha3 asimddp sha512 asimdfhm dit uscat ilrcpc flagm sb paca pacg dcpodp sve2 flagm2 frint svei8mm svebf16 bf16 afp smei16i64 smef64f64 smei8i32 smef16f32 smeb16f32 smef32f32 sme2 smei16i32 smebi32i32
CPU implementer	: 0x61
CPU architecture: 8
CPU variant	: 0x0
CPU part	: 0x000
CPU revision	: 0

processor	: 1
BogoMIPS	: 48.00
Features	: fp asimd evtstrm aes pmull sha1 sha2 crc32 atomics fphp asimdhp cpuid asimdrdm jscvt fcma lrcpc dcpop sha3 asimddp sha512 asimdfhm dit uscat ilrcpc flagm sb paca pacg dcpodp sve2 flagm2 frint svei8mm svebf16 bf16 afp smei16i64 smef64f64 smei8i32 smef16f32 smeb16f32 smef32f32 sme2 smei16i32 smebi32i32
CPU implementer	: 0x61
CPU architecture: 8
CPU variant	: 0x0
CPU part	: 0x000
CPU revision	: 0

processor	: 2
BogoMIPS	: 48.00
Features	: fp asimd evtstrm aes pmull sha1 sha2 crc32 atomics fphp asimdhp cpuid asimdrdm jscvt fcma lrcpc dcpop sha3 asimddp sha512 asimdfhm dit uscat ilrcpc flagm sb paca pacg dcpodp sve2 flagm2 frint svei8mm svebf16 bf16 afp smei16i64 smef64f64 smei8i32 smef16f32 smeb16f32 smef32f32 sme2 smei16i32 smebi32i32
CPU implementer	: 0x61
CPU architecture: 8
CPU variant	: 0x0
CPU part	: 0x000
CPU revision	: 0

processor	: 3
BogoMIPS	: 48.00
Features	: fp asimd evtstrm aes pmull sha1 sha2 crc32 atomics fphp asimdhp cpuid asimdrdm jscvt fcma lrcpc dcpop sha3 asimddp sha512 asimdfhm dit uscat ilrcpc flagm sb paca pacg dcpodp sve2 flagm2 frint svei8mm svebf16 bf16 afp smei16i64 smef64f64 smei8i32 smef16f32 smeb16f32 smef32f32 sme2 smei16i32 smebi32i32
CPU implementer	: 0x61
CPU architecture: 8
CPU variant	: 0x0
CPU part	: 0x000
CPU revision	: 0

processor	: 4
BogoMIPS	: 48.00
Features	: fp asimd evtstrm aes pmull sha1 sha2 crc32 atomics fphp asimdhp cpuid asimdrdm jscvt fcma lrcpc dcpop sha3 asimddp sha512 asimdfhm dit uscat ilrcpc flagm sb paca pacg dcpodp sve2 flagm2 frint svei8mm svebf16 bf16 afp smei16i64 smef64f64 smei8i32 smef16f32 smeb16f32 smef32f32 sme2 smei16i32 smebi32i32
CPU implementer	: 0x61
CPU architecture: 8
CPU variant	: 0x0
CPU part	: 0x000
CPU revision	: 0

processor	: 5
BogoMIPS	: 48.00
Features	: fp asimd evtstrm aes pmull sha1 sha2 crc32 atomics fphp asimdhp cpuid asimdrdm jscvt fcma lrcpc dcpop sha3 asimddp sha512 asimdfhm dit uscat ilrcpc flagm sb paca pacg dcpodp sve2 flagm2 frint svei8mm svebf16 bf16 afp smei16i64 smef64f64 smei8i32 smef16f32 smeb16f32 smef32f32 sme2 smei16i32 smebi32i32
CPU implementer	: 0x61
CPU architecture: 8
CPU variant	: 0x0
CPU part	: 0x000
CPU revision	: 0

processor	: 6
BogoMIPS	: 48.00
Features	: fp asimd evtstrm aes pmull sha1 sha2 crc32 atomics fphp asimdhp cpuid asimdrdm jscvt fcma lrcpc dcpop sha3 asimddp sha512 asimdfhm dit uscat ilrcpc flagm sb paca pacg dcpodp sve2 flagm2 frint svei8mm svebf16 bf16 afp smei16i64 smef64f64 smei8i32 smef16f32 smeb16f32 smef32f32 sme2 smei16i32 smebi32i32
CPU implementer	: 0x61
CPU architecture: 8
CPU variant	: 0x0
CPU part	: 0x000
CPU revision	: 0


Online cpus: 0-6
Offline cpus: 

Memory: 4k page, physical 8109976k(5844488k free), swap 4194300k(4194300k free)
Page Sizes: 4k

vm_info: OpenJDK 64-Bit Server VM (21.0.6+7-LTS) for linux-aarch64 JRE (21.0.6+7-LTS), built on 2025-01-21T00:00:00Z by "admin" with gcc 11.3.0

END.
