#
# A fatal error has been detected by the Java Runtime Environment:
#
#  SIGILL (0x4) at pc=0x0000f6295133fb5c, pid=5821, tid=5822
#
# JRE version:  (21.0.6+7) (build )
# Java VM: OpenJDK 64-Bit Server VM (21.0.6+7-LTS, mixed mode, sharing, tiered, compressed oops, compressed class ptrs, parallel gc, linux-aarch64)
# Problematic frame:
# j  java.lang.System.registerNatives()V+0 java.base
#
# Core dump will be written. Default location: Core dumps may be processed with "/usr/share/apport/apport -p%p -s%s -c%c -d%d -P%P -u%u -g%g -- %E" (or dumping to /home/xander/l3s2/lifapoo/JavaEchec/core.5821)
#
# The crash happened outside the Java Virtual Machine in native code.
# See problematic frame for where to report the bug.
#

---------------  S U M M A R Y ------------

Command Line: --add-modules=ALL-SYSTEM --add-opens=java.base/java.util=ALL-UNNAMED --add-opens=java.base/java.lang=ALL-UNNAMED --add-opens=java.base/sun.nio.fs=ALL-UNNAMED -Declipse.application=org.eclipse.jdt.ls.core.id1 -Dosgi.bundles.defaultStartLevel=4 -Declipse.product=org.eclipse.jdt.ls.core.product -Djava.import.generatesMetadataFilesAtProjectRoot=false -DDetectVMInstallationsJob.disabled=true -Dfile.encoding=utf8 -XX:+UseParallelGC -XX:GCTimeRatio=4 -XX:AdaptiveSizePolicyWeight=90 -Dsun.zip.disableMemoryMapping=true -Xmx1G -Xms100m -Xlog:disable -javaagent:/home/xander/.vscode/extensions/redhat.java-1.41.1-linux-arm64/lombok/lombok-1.18.36.jar -XX:+HeapDumpOnOutOfMemoryError -XX:HeapDumpPath=/home/xander/.config/Code/User/workspaceStorage/08fb1f34b35509ece9643cfea22dbdeb/redhat.java -Daether.dependencyCollector.impl=bf /home/xander/.vscode/extensions/redhat.java-1.41.1-linux-arm64/server/plugins/org.eclipse.equinox.launcher_1.7.0.v20250331-1702.jar -configuration /home/xander/.config/Code/User/globalStorage/redhat.java/1.41.1/config_linux -data /home/xander/.config/Code/User/workspaceStorage/08fb1f34b35509ece9643cfea22dbdeb/redhat.java/jdt_ws --pipe=/run/user/1000/lsp-3f248fac18dc0598156f43d546d34af4.sock

Host: AArch64, 7 cores, 7G, Ubuntu 24.04.2 LTS
Time: Wed Apr  2 17:58:02 2025 UTC elapsed time: 0.013231 seconds (0d 0h 0m 0s)

---------------  T H R E A D  ---------------

Current thread (0x0000f6295c02a7b0):  JavaThread "Unknown thread" [_thread_in_native, id=5822, stack(0x0000f62960f52000,0x0000f62961150000) (2040K)]

Stack: [0x0000f62960f52000,0x0000f62961150000],  sp=0x0000f6296114dfe0,  free space=2031k
Native frames: (J=compiled Java code, j=interpreted, Vv=VM code, C=native code)
j  java.lang.System.registerNatives()V+0 java.base
j  java.lang.System.<clinit>()V+0 java.base
v  ~StubRoutines::call_stub 0x0000f62951337158
V  [libjvm.so+0x835f58]  JavaCalls::call_helper(JavaValue*, methodHandle const&, JavaCallArguments*, JavaThread*)+0x218
V  [libjvm.so+0x811398]  InstanceKlass::call_class_initializer(JavaThread*)+0x284
V  [libjvm.so+0x811ee0]  InstanceKlass::initialize_impl(JavaThread*)+0x370
V  [libjvm.so+0xddee68]  Threads::initialize_java_lang_classes(JavaThread*, JavaThread*)+0xe8
V  [libjvm.so+0xde0f24]  Threads::create_vm(JavaVMInitArgs*, bool*)+0x3f4
V  [libjvm.so+0x8c8fa4]  JNI_CreateJavaVM+0x80
C  [libjli.so+0x8bcc]  JavaMain+0x7c
C  [libjli.so+0xc1cc]  ThreadJavaMain+0xc
C  [libc.so.6+0x8595c]
Java frames: (J=compiled Java code, j=interpreted, Vv=VM code)
j  java.lang.System.registerNatives()V+0 java.base
j  java.lang.System.<clinit>()V+0 java.base
v  ~StubRoutines::call_stub 0x0000f62951337158

siginfo: si_signo: 4 (SIGILL), si_code: 1 (ILL_ILLOPC), si_addr: 0x0000f6295133fb5c

Registers:
R0=0x0000000000000000
R1=0x0000000000000000
R2=0x0000000000000000
R3=0x0000000000000000
R4=0x000000009aeaffff
R5=0x0000f62962584350
R6=0x000000000000ffff
R7=0x000000000000000d
R8=0x0000000000000000
R9=0x000000000000000c
R10=0x000000000000000d
R11=0x0000000200484d20
R12=0x000000020001ae68
R13=0x00000002006429b0
R14=0x0000000000000000
R15=0x0000000000000000
R16=0x0000f6296256f838
R17=0x0000f6296271a940
R18=0x000000020001ad50
R19=0x0000f6295133d8f0
R20=0x0000f6296114dfe0
R21=0x0000f629626112d0
R22=0x0000000000000000
R23=0x0000f6295133ea40
R24=0x0000f6296114e068
R25=0x0000f6296114e260
R26=0x0000000200003140
R27=0x0000000000000000
R28=0x0000f6295c02a7b0
R29=0x0000f6296114e050
R30=0x0000f6295133fb40


Register to memory mapping:

R0 =0x0 is null
R1 =0x0 is null
R2 =0x0 is null
R3 =0x0 is null
R4 =0x000000009aeaffff is an unknown value
R5 =0x0000f62962584350: <offset 0x0000000001384350> in /home/xander/.vscode/extensions/redhat.java-1.41.1-linux-arm64/jre/21.0.6-linux-aarch64/lib/server/libjvm.so at 0x0000f62961200000
R6 =0x000000000000ffff is an unknown value
R7 =0x000000000000000d is an unknown value
R8 =0x0 is null
R9 =0x000000000000000c is an unknown value
R10=0x000000000000000d is an unknown value
R11=0x0000000200484d20 is pointing into metadata
R12={method} {0x000000020001ae68} 'registerNatives' '()V' in 'java/lang/System'
R13=0x00000002006429b0 is pointing into metadata
R14=0x0 is null
R15=0x0 is null
R16=0x0000f6296256f838: <offset 0x000000000136f838> in /home/xander/.vscode/extensions/redhat.java-1.41.1-linux-arm64/jre/21.0.6-linux-aarch64/lib/server/libjvm.so at 0x0000f62961200000
R17=0x0000f6296271a940: __memcmpeq+0x0000000000000000 in /lib/aarch64-linux-gnu/libc.so.6 at 0x0000f62962680000
R18={method} {0x000000020001ad50} 'arraycopy' '(Ljava/lang/Object;ILjava/lang/Object;II)V' in 'java/lang/System'
R19=0x0000f6295133d8f0 is at code_begin+48 in an Interpreter codelet
result handlers for native calls  [0x0000f6295133d8c0, 0x0000f6295133d908]  72 bytes
R20=0x0000f6296114dfe0 is pointing into the stack for thread: 0x0000f6295c02a7b0
R21=0x0000f629626112d0: <offset 0x00000000014112d0> in /home/xander/.vscode/extensions/redhat.java-1.41.1-linux-arm64/jre/21.0.6-linux-aarch64/lib/server/libjvm.so at 0x0000f62961200000
R22=0x0 is null
R23=0x0000f6295133ea40 is at code_begin+0 in an Interpreter codelet
method entry point (kind = zerolocals)  [0x0000f6295133ea40, 0x0000f6295133edd8]  920 bytes
R24=0x0000f6296114e068 is pointing into the stack for thread: 0x0000f6295c02a7b0
R25=0x0000f6296114e260 is pointing into the stack for thread: 0x0000f6295c02a7b0
R26=0x0000000200003140 is pointing into metadata
R27=0x0 is null
R28=0x0000f6295c02a7b0 is a thread
R29=0x0000f6296114e050 is pointing into the stack for thread: 0x0000f6295c02a7b0
R30=0x0000f6295133fb40 is at code_begin+896 in an Interpreter codelet
native method entry point (kind = native)  [0x0000f6295133f7c0, 0x0000f6295133fee0]  1824 bytes
R31=0x0000f6296114dfe0 is pointing into the stack for thread: 0x0000f6295c02a7b0

Top of Stack: (sp=0x0000f6296114dfe0)
0x0000f6296114dfe0:   0000000000000000 0000000000000000
0x0000f6296114dff0:   ffffff0000000000 98b919f8e25de800
0x0000f6296114e000:   0000f6296114e000 0000000000000000
0x0000f6296114e010:   0000000000000003 0000000200003140
0x0000f6296114e020:   00000000c007ef38 0000f6296114dff0
0x0000f6296114e030:   0000000000000000 000000020001ae68
0x0000f6296114e040:   0000000000000000 0000f6296114e050
0x0000f6296114e050:   0000f6296114e0c0 0000f6295133c17c
0x0000f6296114e060:   0000000000000000 00000000c007ef38
0x0000f6296114e070:   0000f6296114e070 0000000200642f70
0x0000f6296114e080:   0000000000000001 0000000200003140
0x0000f6296114e090:   00000000c007ef38 0000f6296114e050
0x0000f6296114e0a0:   0000000000000000 000000020001aa60
0x0000f6296114e0b0:   0000f6296114e070 0000f6296114e0d0
0x0000f6296114e0c0:   0000f6296114e1b0 0000f62951337158
0x0000f6296114e0d0:   0000000000000000 0000f6295c02aed0
0x0000f6296114e0e0:   0000000000000000 0000000000000000
0x0000f6296114e0f0:   0000000000000000 0000000000000000
0x0000f6296114e100:   0000000000000000 0000000000000000
0x0000f6296114e110:   0000000000000000 0000000000000000
0x0000f6296114e120:   0000f6296114e328 0000f6296114e228
0x0000f6296114e130:   000000000000000a 0000f6296114e260
0x0000f6296114e140:   000000000000000e 0000f6295133ea40
0x0000f6296114e150:   0000f6296114e300 0000f6296114e320
0x0000f6296114e160:   0000f6296114e2e8 0000f6295c02a7b0
0x0000f6296114e170:   0000f6296114e260 0000f6296114e300
0x0000f6296114e180:   000000000000000a 000000020001aa60
0x0000f6296114e190:   0000f6295133ea40 0000f6296114e328
0x0000f6296114e1a0:   0000f62900000000 0000f6295c02a7b0
0x0000f6296114e1b0:   0000f6296114e1c0 0000f62961a35f58
0x0000f6296114e1c0:   0000f6296114e2a0 0000f62961a11398
0x0000f6296114e1d0:   0000f6295c02a7b0 0000f6296114e2e8 

Instructions: (pc=0x0000f6295133fb5c)
0x0000f6295133fa5c:   b8 6f 38 8b 91 31 40 f9 20 02 3f d6 ac 83 5e f8
0x0000f6295133fa6c:   f3 03 00 aa 91 29 40 b9 11 01 18 36 91 05 40 f9
0x0000f6295133fa7c:   31 06 40 f9 31 0e 40 f9 31 3a 40 f9 31 02 40 f9
0x0000f6295133fa8c:   b1 0f 00 f9 a1 63 00 91 8a 2d 40 f9 09 c2 99 d2
0x0000f6295133fa9c:   c9 3c ac f2 29 c5 de f2 29 01 40 f9 5f 01 09 eb
0x0000f6295133faac:   81 03 00 54 e1 03 0c aa b6 83 1b f8 e0 03 1c aa
0x0000f6295133fabc:   28 01 00 10 88 d3 01 f9 94 cf 01 f9 9d d7 01 f9
0x0000f6295133facc:   e8 33 bf a9 08 2c 99 d2 48 34 ac f2 28 c5 de f2
0x0000f6295133fadc:   00 01 3f d6 e8 33 c1 a8 fe ff ff 10 9f cf 01 f9
0x0000f6295133faec:   9f d7 01 f9 9f d3 01 f9 88 07 40 f9 a8 00 00 b4
0x0000f6295133fafc:   08 10 8e d2 68 26 aa f2 28 c5 de f2 00 01 1f d6
0x0000f6295133fb0c:   b6 e3 7b a9 b8 6f 38 8b ac 83 5e f8 8a 2d 40 f9
0x0000f6295133fb1c:   80 e3 0e 91 08 01 00 10 88 d3 01 f9 94 cf 01 f9
0x0000f6295133fb2c:   9d d7 01 f9 e8 03 7e b2 89 13 11 91 28 fd 9f 88
0x0000f6295133fb3c:   40 01 3f d6 ac 83 5e f8 88 82 00 d1 1f ed 7c 92
0x0000f6295133fb4c:   80 0e 1f fc 9f 8e 1f f8 80 8e 1f f8 e8 03 1f 2a
0x0000f6295133fb5c:   e8 e3 30 04 1f 05 00 31 80 00 00 54 c1 d5 bb d4
0x0000f6295133fb6c:   38 db 1a 62 29 f6 00 00 a8 00 80 d2 89 13 11 91
0x0000f6295133fb7c:   28 fd 9f 88 bf 3b 03 d5 88 23 11 91 08 fd df c8
0x0000f6295133fb8c:   bf 03 08 eb 68 00 00 54 89 43 44 b9 69 01 00 b4
0x0000f6295133fb9c:   e0 03 1c aa 89 32 9a d2 89 34 ac f2 29 c5 de f2
0x0000f6295133fbac:   20 01 3f d6 ac 83 5e f8 1b f0 88 d2 fb 4a ac f2
0x0000f6295133fbbc:   3b c5 de f2 7b 03 40 f9 e8 03 7d b2 89 13 11 91
0x0000f6295133fbcc:   28 fd 9f 88 9f cf 01 f9 9f d7 01 f9 9f d3 01 f9
0x0000f6295133fbdc:   91 17 42 f9 3f 82 00 f9 d1 e8 fe 10 3f 02 13 eb
0x0000f6295133fbec:   c1 01 00 54 80 06 41 f8 20 01 00 b4 1f 04 40 f2
0x0000f6295133fbfc:   61 00 00 54 00 00 40 f9 05 00 00 14 60 00 00 37
0x0000f6295133fc0c:   00 e0 5f f8 02 00 00 14 00 f0 5f f8 a0 0f 00 f9
0x0000f6295133fc1c:   9f 8e 1f f8 80 8e 1f f8 88 03 13 91 08 01 40 b9
0x0000f6295133fc2c:   1f 09 00 f1 e1 04 00 54 e0 07 b7 a9 e2 0f 01 a9
0x0000f6295133fc3c:   e4 17 02 a9 e6 1f 03 a9 ea 2f 04 a9 ec 37 05 a9
0x0000f6295133fc4c:   ee 3f 06 a9 f0 47 07 a9 f2 7f 08 a9 ff 83 00 d1 


Stack slot to memory mapping:

stack at sp + 0 slots: 0x0 is null
stack at sp + 1 slots: 0x0 is null
stack at sp + 2 slots: 0xffffff0000000000 is an unknown value
stack at sp + 3 slots: 0x98b919f8e25de800 is an unknown value
stack at sp + 4 slots: 0x0000f6296114e000 is pointing into the stack for thread: 0x0000f6295c02a7b0
stack at sp + 5 slots: 0x0 is null
stack at sp + 6 slots: 0x0000000000000003 is an unknown value
stack at sp + 7 slots: 0x0000000200003140 is pointing into metadata

native method entry point (kind = native)  [0x0000f6295133f7c0, 0x0000f6295133fee0]  1824 bytes
[MachCode]
  0x0000f6295133f7c0: 8205 40f9 | 425c 4079 | 986e 228b | 1823 00d1 | 9fee 7c92 | f4c3 01d1 | f603 1faa | f47f b9a9 
  0x0000f6295133f7e0: ff7f 06a9 | 8809 40f9 | 4800 00b4 | 08e1 0491 | e833 03a9 | fd7b 05a9 | fd43 0191 | 9a05 40f9 
  0x0000f6295133f800: 5a07 40f9 | 5a0b 40f9 | 0803 1dcb | 08fd 43d3 | e86b 01a9 | ff4f 04a9 | 8a05 40f9 | 4a05 40f9 
  0x0000f6295133f820: 4a0d 40f9 | 4a39 40f9 | 4a01 40f9 | e843 00d1 | ea23 02a9 | 1f01 0091 | e903 40b2 | 89c7 1139 
  0x0000f6295133f840: 8009 40f9 | 0001 00b4 | 08fc 40b9 | 0809 0091 | 08fc 00b9 | 0910 41b9 | 0801 09ea | e030 0054 
  0x0000f6295133f860: 2400 0014 | 890d 40f9 | 8903 00b5 | e103 0caa | b683 1bf8 | e003 1caa | 2801 0010 | 88d3 01f9 
  0x0000f6295133f880: 94cf 01f9 | 9dd7 01f9 | e833 bfa9 | 0814 94d2 | 4834 acf2 | 28c5 def2 | 0001 3fd6 | e833 c1a8 
  0x0000f6295133f8a0: feff ff10 | 9fcf 01f9 | 9fd7 01f9 | 9fd3 01f9 | 8807 40f9 | a800 00b4 | 0810 8ed2 | 6826 aaf2 
  0x0000f6295133f8c0: 28c5 def2 | 0001 1fd6 | b6e3 7ba9 | b86f 388b | 890d 40f9 | e900 00b4 | 2809 40b9 | 0809 0091 
  0x0000f6295133f8e0: 2809 00b9 | 211d 40b9 | 0801 01ea | 602c 0054 | 8873 42f9 | ff63 28eb | c805 0054 | e907 40d1 
  0x0000f6295133f900: 3f01 00f9 | e90b 40d1 | 3f01 00f9 | e90f 40d1 | 3f01 00f9 | e913 40d1 | 3f01 00f9 | e917 40d1 
  0x0000f6295133f920: 3f01 00f9 | e91b 40d1 | 3f01 00f9 | e91f 40d1 | 3f01 00f9 | e923 40d1 | 3f01 00f9 | e927 40d1 
  0x0000f6295133f940: 3f01 00f9 | e92b 40d1 | 3f01 00f9 | e92f 40d1 | 3f01 00f9 | e933 40d1 | 3f01 00f9 | e937 40d1 
  0x0000f6295133f960: 3f01 00f9 | e93b 40d1 | 3f01 00f9 | e93f 40d1 | 3f01 00f9 | e943 40d1 | 3f01 00f9 | e947 40d1 
  0x0000f6295133f980: 3f01 00f9 | e94b 40d1 | 3f01 00f9 | e94f 40d1 | 3f01 00f9 | e953 40d1 | 3f01 00f9 | 886f 42f9 
  0x0000f6295133f9a0: ff63 28eb | 6900 0054 | e803 0091 | 8873 02f9 | 9fc7 1139 | c893 0890 | 08d5 4e39 | 2801 0034 
  0x0000f6295133f9c0: a183 5ef8 | e003 1caa | e833 bfa9 | 0806 9dd2 | c83c acf2 | 28c5 def2 | 0001 3fd6 | e833 c1a8 
  0x0000f6295133f9e0: 9105 40f9 | 315e 4079 | 886e 31cb | 1fed 7c92 | f403 08aa | 9131 40f9 | 7103 00b5 | e103 0caa 
  0x0000f6295133fa00: b683 1bf8 | e003 1caa | 2801 0010 | 88d3 01f9 | 94cf 01f9 | 9dd7 01f9 | e833 bfa9 | 082c 99d2 
  0x0000f6295133fa20: 4834 acf2 | 28c5 def2 | 0001 3fd6 | e833 c1a8 | feff ff10 | 9fcf 01f9 | 9fd7 01f9 | 9fd3 01f9 
  0x0000f6295133fa40: 8807 40f9 | a800 00b4 | 0810 8ed2 | 6826 aaf2 | 28c5 def2 | 0001 1fd6 | b6e3 7ba9 | b86f 388b 
  0x0000f6295133fa60: 9131 40f9 | 2002 3fd6 | ac83 5ef8 | f303 00aa | 9129 40b9 | 1101 1836 | 9105 40f9 | 3106 40f9 
  0x0000f6295133fa80: 310e 40f9 | 313a 40f9 | 3102 40f9 | b10f 00f9 | a163 0091 | 8a2d 40f9 | 09c2 99d2 | c93c acf2 
  0x0000f6295133faa0: 29c5 def2 | 2901 40f9 | 5f01 09eb | 8103 0054 | e103 0caa | b683 1bf8 | e003 1caa | 2801 0010 
  0x0000f6295133fac0: 88d3 01f9 | 94cf 01f9 | 9dd7 01f9 | e833 bfa9 | 082c 99d2 | 4834 acf2 | 28c5 def2 | 0001 3fd6 
  0x0000f6295133fae0: e833 c1a8 | feff ff10 | 9fcf 01f9 | 9fd7 01f9 | 9fd3 01f9 | 8807 40f9 | a800 00b4 | 0810 8ed2 
  0x0000f6295133fb00: 6826 aaf2 | 28c5 def2 | 0001 1fd6 | b6e3 7ba9 | b86f 388b | ac83 5ef8 | 8a2d 40f9 | 80e3 0e91 
  0x0000f6295133fb20: 0801 0010 | 88d3 01f9 | 94cf 01f9 | 9dd7 01f9 | e803 7eb2 | 8913 1191 | 28fd 9f88 | 4001 3fd6 
  0x0000f6295133fb40: ac83 5ef8 | 8882 00d1 | 1fed 7c92 | 800e 1ffc | 9f8e 1ff8 | 808e 1ff8 | e803 1f2a | e8e3 3004 
  0x0000f6295133fb60: 1f05 0031 | 8000 0054 | c1d5 bbd4 | 38db 1a62 | 29f6 0000 | a800 80d2 | 8913 1191 | 28fd 9f88 
  0x0000f6295133fb80: bf3b 03d5 | 8823 1191 | 08fd dfc8 | bf03 08eb | 6800 0054 | 8943 44b9 | 6901 00b4 | e003 1caa 
  0x0000f6295133fba0: 8932 9ad2 | 8934 acf2 | 29c5 def2 | 2001 3fd6 | ac83 5ef8 | 1bf0 88d2 | fb4a acf2 | 3bc5 def2 
  0x0000f6295133fbc0: 7b03 40f9 | e803 7db2 | 8913 1191 | 28fd 9f88 | 9fcf 01f9 | 9fd7 01f9 | 9fd3 01f9 | 9117 42f9 
  0x0000f6295133fbe0: 3f82 00f9 | d1e8 fe10 | 3f02 13eb | c101 0054 | 8006 41f8 | 2001 00b4 | 1f04 40f2 | 6100 0054 
  0x0000f6295133fc00: 0000 40f9 | 0500 0014 | 6000 0037 | 00e0 5ff8 | 0200 0014 | 00f0 5ff8 | a00f 00f9 | 9f8e 1ff8 
  0x0000f6295133fc20: 808e 1ff8 | 8803 1391 | 0801 40b9 | 1f09 00f1 | e104 0054 | e007 b7a9 | e20f 01a9 | e417 02a9 
  0x0000f6295133fc40: e61f 03a9 | ea2f 04a9 | ec37 05a9 | ee3f 06a9 | f047 07a9 | f27f 08a9 | ff83 00d1 | e8eb 7bb2 
  0x0000f6295133fc60: fc2f 880c | f82f 880c | f42f 880c | f02f 880c | e42f 880c | e02f 000c | e003 1caa | 8904 9fd2 
  0x0000f6295133fc80: c93c acf2 | 29c5 def2 | 2001 3fd6 | e02f df0c | e42f df0c | f02f df0c | f42f df0c | f82f df0c 
  0x0000f6295133fca0: fc2f df0c | e7e3 1825 | e20f 41a9 | e417 42a9 | e61f 43a9 | ea2f 44a9 | ec37 45a9 | ee3f 46a9 
  0x0000f6295133fcc0: f047 47a9 | f27f 48a9 | e007 c9a8 | ac83 5ef8 | 9605 40f9 | d6e2 0091 | 8807 40f9 | 8803 00b4 
  0x0000f6295133fce0: b683 1bf8 | e003 1caa | 2801 0010 | 88d3 01f9 | 94cf 01f9 | 9dd7 01f9 | e833 bfa9 | 0802 92d2 
  0x0000f6295133fd00: 4834 acf2 | 28c5 def2 | 0001 3fd6 | e833 c1a8 | feff ff10 | 9fcf 01f9 | 9fd7 01f9 | 9fd3 01f9 
  0x0000f6295133fd20: 8807 40f9 | a800 00b4 | 0810 8ed2 | 6826 aaf2 | 28c5 def2 | 0001 1fd6 | b6e3 7ba9 | b86f 388b 
  0x0000f6295133fd40: c1d5 bbd4 | c891 1562 | 29f6 0000 | 9129 40b9 | f106 2836 | a183 01d1 | 3104 40f9 | 9103 00b5 
  0x0000f6295133fd60: b683 1bf8 | e003 1caa | 2801 0010 | 88d3 01f9 | 94cf 01f9 | 9dd7 01f9 | e833 bfa9 | 8818 93d2 
  0x0000f6295133fd80: 4834 acf2 | 28c5 def2 | 0001 3fd6 | e833 c1a8 | feff ff10 | 9fcf 01f9 | 9fd7 01f9 | 9fd3 01f9 
  0x0000f6295133fda0: 8807 40f9 | a800 00b4 | 0810 8ed2 | 6826 aaf2 | 28c5 def2 | 0001 1fd6 | b6e3 7ba9 | b86f 388b 
  0x0000f6295133fdc0: c1d5 bbd4 | c891 1562 | 29f6 0000 | b683 1bf8 | 2000 00d1 | 2304 40f9 | 3f04 00f9 | 0200 40f9 
  0x0000f6295133fde0: e201 00b4 | e803 00aa | 62fc e0c8 | 1f01 00eb | 6001 0054 | bf3b 03d5 | 2304 00f9 | e003 01aa 
  0x0000f6295133fe00: e833 bfa9 | 0804 93d2 | 4834 acf2 | 28c5 def2 | 0001 3fd6 | e833 c1a8 | 0400 0014 | 88a7 42f9 
  0x0000f6295133fe20: 0805 00d1 | 88a7 02f9 | b683 5bf8 | c893 0890 | 08d5 4e39 | 2801 0034 | a183 5ef8 | e003 1caa 
  0x0000f6295133fe40: e833 bfa9 | 0828 9dd2 | c83c acf2 | 28c5 def2 | 0001 3fd6 | e833 c1a8 | 8006 41f8 | 8006 41fc 
  0x0000f6295133fe60: 6002 3fd6 | b483 5ff8 | bf03 0091 | fd7b c1a8 | 9f02 0091 | c003 5fd6 | 0100 80d2 | b683 1bf8 
  0x0000f6295133fe80: e003 1caa | 2801 0010 | 88d3 01f9 | 94cf 01f9 | 9dd7 01f9 | e833 bfa9 | 080c 9ad2 | 4834 acf2 
  0x0000f6295133fea0: 28c5 def2 | 0001 3fd6 | e833 c1a8 | feff ff10 | 9fcf 01f9 | 9fd7 01f9 | 9fd3 01f9 | 8807 40f9 
  0x0000f6295133fec0: a800 00b4 | 0810 8ed2 | 6826 aaf2 | 28c5 def2 | 0001 1fd6 | b6e3 7ba9 | b86f 388b | 85fe ff17 
[/MachCode]

---------------  P R O C E S S  ---------------

Threads class SMR info:
_java_thread_list=0x0000f6295c052950, length=1, elements={
0x0000f6295c02a7b0
}

Java Threads: ( => current thread )
=>0x0000f6295c02a7b0 JavaThread "Unknown thread"             [_thread_in_native, id=5822, stack(0x0000f62960f52000,0x0000f62961150000) (2040K)]
Total: 1

Other Threads:
  0x0000f6295c148290 VMThread "VM Thread"                           [id=5825, stack(0x0000f62948610000,0x0000f6294880e000) (2040K)]
  0x0000f6295c051aa0 WatcherThread "VM Periodic Task Thread"        [id=5824, stack(0x0000f62949a10000,0x0000f62949c0e000) (2040K)]
  0x0000f6295c042ce0 WorkerThread "GC Thread#0"                     [id=5823, stack(0x0000f62960610000,0x0000f6296080e000) (2040K)]
Total: 3

Threads with active compile tasks:
Total: 0

VM state: not at safepoint (normal execution)

VM Mutex/Monitor currently owned by a thread: None

Heap address: 0x00000000c0000000, size: 1024 MB, Compressed Oops mode: 32-bit

CDS archive(s) mapped at: [0x0000000200000000-0x0000000200bc0000-0x0000000200bc0000), size 12320768, SharedBaseAddress: 0x0000000200000000, ArchiveRelocationMode: 1.
Compressed class space mapped at: 0x0000000201000000-0x0000000241000000, reserved size: 1073741824
Narrow klass base: 0x0000000200000000, Narrow klass shift: 0, Narrow klass range: 0x100000000

GC Precious Log:
 CardTable entry size: 512
 CPUs: 7 total, 7 available
 Memory: 7919M
 Large Page Support: Disabled
 NUMA Support: Disabled
 Compressed Oops: Enabled (32-bit)
 Alignments: Space 512K, Generation 512K, Heap 2M
 Heap Min Capacity: 100M
 Heap Initial Capacity: 100M
 Heap Max Capacity: 1G
 Pre-touch: Disabled
 Parallel Workers: 7

Heap:
 PSYoungGen      total 29696K, used 512K [0x00000000eab00000, 0x00000000ecc00000, 0x0000000100000000)
  eden space 25600K, 2% used [0x00000000eab00000,0x00000000eab80010,0x00000000ec400000)
  from space 4096K, 0% used [0x00000000ec800000,0x00000000ec800000,0x00000000ecc00000)
  to   space 4096K, 0% used [0x00000000ec400000,0x00000000ec400000,0x00000000ec800000)
 ParOldGen       total 68608K, used 1066K [0x00000000c0000000, 0x00000000c4300000, 0x00000000eab00000)
  object space 68608K, 1% used [0x00000000c0000000,0x00000000c010aa80,0x00000000c4300000)
 Metaspace       used 1K, committed 128K, reserved 1114112K
  class space    used 0K, committed 64K, reserved 1048576K

Card table byte_map: [0x0000f62960a00000,0x0000f62960c01000] _byte_map_base: 0x0000f62960400000

Marking Bits: (ParMarkBitMap*) 0x0000f629625fda08
 Begin Bits: [0x0000f62942000000, 0x0000f62943000000)
 End Bits:   [0x0000f62943000000, 0x0000f62944000000)

Polling page: 0x0000f62962912000

Metaspace:

Usage:
  Non-class:    304 bytes used.
      Class:    976 bytes used.
       Both:      1.25 KB used.

Virtual space:
  Non-class space:       64.00 MB reserved,      64.00 KB ( <1%) committed,  1 nodes.
      Class space:        1.00 GB reserved,      64.00 KB ( <1%) committed,  1 nodes.
             Both:        1.06 GB reserved,     128.00 KB ( <1%) committed. 

Chunk freelists:
   Non-Class:  12.00 MB
       Class:  15.75 MB
        Both:  27.75 MB

MaxMetaspaceSize: unlimited
CompressedClassSpaceSize: 1.00 GB
Initial GC threshold: 21.00 MB
Current GC threshold: 17179869184.00 GB
CDS: on
 - commit_granule_bytes: 65536.
 - commit_granule_words: 8192.
 - virtual_space_node_default_size: 8388608.
 - enlarge_chunks_in_place: 1.
 - use_allocation_guard: 0.


Internal statistics:

num_allocs_failed_limit: 0.
num_arena_births: 2.
num_arena_deaths: 0.
num_vsnodes_births: 2.
num_vsnodes_deaths: 0.
num_space_committed: 2.
num_space_uncommitted: 0.
num_chunks_returned_to_freelist: 0.
num_chunks_taken_from_freelist: 3.
num_chunk_merges: 0.
num_chunk_splits: 2.
num_chunks_enlarged: 0.
num_inconsistent_stats: 0.

CodeHeap 'non-profiled nmethods': size=120032Kb used=0Kb max_used=0Kb free=120032Kb
 bounds [0x0000f629518c8000, 0x0000f62951b38000, 0x0000f62958e00000]
CodeHeap 'profiled nmethods': size=120028Kb used=0Kb max_used=0Kb free=120028Kb
 bounds [0x0000f62949e00000, 0x0000f6294a070000, 0x0000f62951337000]
CodeHeap 'non-nmethods': size=5700Kb used=365Kb max_used=365Kb free=5334Kb
 bounds [0x0000f62951337000, 0x0000f629515a7000, 0x0000f629518c8000]
 total_blobs=92 nmethods=0 adapters=67
 compilation: enabled
              stopped_count=0, restarted_count=0
 full_count=0

Compilation events (0 events):
No events

GC Heap History (0 events):
No events

Dll operation events (1 events):
Event: 0.001 Loaded shared library /home/xander/.vscode/extensions/redhat.java-1.41.1-linux-arm64/jre/21.0.6-linux-aarch64/lib/libjava.so

Deoptimization events (0 events):
No events

Classes loaded (0 events):
No events

Classes unloaded (0 events):
No events

Classes redefined (0 events):
No events

Internal exceptions (0 events):
No events

ZGC Phase Switch (0 events):
No events

VM Operations (0 events):
No events

Memory protections (1 events):
Event: 0.001 Protecting memory [0x0000f62960f52000,0x0000f62960f56000] with protection modes 0

Nmethod flushes (0 events):
No events

Events (1 events):
Event: 0.012 Thread 0x0000f6295c02a7b0 Thread added: 0x0000f6295c02a7b0


Dynamic libraries:
c0000000-c4300000 rw-p 00000000 00:00 0 
c4300000-eab00000 ---p 00000000 00:00 0 
eab00000-ecc00000 rw-p 00000000 00:00 0 
ecc00000-100000000 ---p 00000000 00:00 0 
200000000-200bc0000 rw-p 00010000 fc:00 1645894                          /home/xander/.vscode/extensions/redhat.java-1.41.1-linux-arm64/jre/21.0.6-linux-aarch64/lib/server/classes.jsa
200bc0000-201040000 ---p 00000000 00:00 0 
201040000-201050000 rw-p 00000000 00:00 0 
201050000-241000000 ---p 00000000 00:00 0 
ae0e26c30000-ae0e26c31000 r-xp 00000000 fc:00 1645481                    /home/xander/.vscode/extensions/redhat.java-1.41.1-linux-arm64/jre/21.0.6-linux-aarch64/bin/java
ae0e26c4f000-ae0e26c50000 r--p 0000f000 fc:00 1645481                    /home/xander/.vscode/extensions/redhat.java-1.41.1-linux-arm64/jre/21.0.6-linux-aarch64/bin/java
ae0e26c50000-ae0e26c51000 rw-p 00010000 fc:00 1645481                    /home/xander/.vscode/extensions/redhat.java-1.41.1-linux-arm64/jre/21.0.6-linux-aarch64/bin/java
ae0e41928000-ae0e41970000 rw-p 00000000 00:00 0                          [heap]
f62930000000-f62930021000 rw-p 00000000 00:00 0 
f62930021000-f62934000000 ---p 00000000 00:00 0 
f62938000000-f62938010000 rw-p 00000000 00:00 0 
f62938010000-f6293c000000 ---p 00000000 00:00 0 
f6293c000000-f6293c021000 rw-p 00000000 00:00 0 
f6293c021000-f62940000000 ---p 00000000 00:00 0 
f62941c00000-f62941ec2000 rw-p 00000000 00:00 0 
f62942000000-f62944021000 rw-p 00000000 00:00 0 
f62944021000-f62948000000 ---p 00000000 00:00 0 
f62948200000-f62948407000 rw-p 00000000 00:00 0 
f62948600000-f62948610000 ---p 00000000 00:00 0 
f62948610000-f6294880e000 rw-p 00000000 00:00 0 
f629488ef000-f62949a00000 rw-p 00000000 00:00 0 
f62949a00000-f62949a10000 ---p 00000000 00:00 0 
f62949a10000-f62949c0e000 rw-p 00000000 00:00 0 
f62949cff000-f62949e00000 rw-p 00000000 00:00 0 
f62949e00000-f6294a070000 rwxp 00000000 00:00 0 
f6294a070000-f62951337000 ---p 00000000 00:00 0 
f62951337000-f629515a7000 rwxp 00000000 00:00 0 
f629515a7000-f629518c8000 ---p 00000000 00:00 0 
f629518c8000-f62951b38000 rwxp 00000000 00:00 0 
f62951b38000-f62958e00000 ---p 00000000 00:00 0 
f62958e00000-f6295bfc7000 r--s 00000000 fc:00 1645884                    /home/xander/.vscode/extensions/redhat.java-1.41.1-linux-arm64/jre/21.0.6-linux-aarch64/lib/modules
f6295c000000-f6295c173000 rw-p 00000000 00:00 0 
f6295c173000-f62960000000 ---p 00000000 00:00 0 
f629600fd000-f62960600000 rw-p 00000000 00:00 0 
f62960600000-f62960610000 ---p 00000000 00:00 0 
f62960610000-f6296080e000 rw-p 00000000 00:00 0 
f62960829000-f629608cc000 rw-p 00000000 00:00 0 
f629608cc000-f62960a00000 ---p 00000000 00:00 0 
f62960a00000-f62960a22000 rw-p 00000000 00:00 0 
f62960a22000-f62960b55000 ---p 00000000 00:00 0 
f62960b55000-f62960b66000 rw-p 00000000 00:00 0 
f62960b66000-f62960c01000 ---p 00000000 00:00 0 
f62960c2e000-f62960ccf000 rw-p 00000000 00:00 0 
f62960ccf000-f62960db5000 ---p 00000000 00:00 0 
f62960db5000-f62960dba000 rw-p 00000000 00:00 0 
f62960dba000-f62960ea0000 ---p 00000000 00:00 0 
f62960ea0000-f62960ec1000 r-xp 00000000 fc:00 1645860                    /home/xander/.vscode/extensions/redhat.java-1.41.1-linux-arm64/jre/21.0.6-linux-aarch64/lib/libjava.so
f62960ec1000-f62960edf000 ---p 00021000 fc:00 1645860                    /home/xander/.vscode/extensions/redhat.java-1.41.1-linux-arm64/jre/21.0.6-linux-aarch64/lib/libjava.so
f62960edf000-f62960ee0000 r--p 0002f000 fc:00 1645860                    /home/xander/.vscode/extensions/redhat.java-1.41.1-linux-arm64/jre/21.0.6-linux-aarch64/lib/libjava.so
f62960ee0000-f62960ee1000 rw-p 00030000 fc:00 1645860                    /home/xander/.vscode/extensions/redhat.java-1.41.1-linux-arm64/jre/21.0.6-linux-aarch64/lib/libjava.so
f62960ee1000-f62960ee2000 rw-p 00000000 00:00 0 
f62960ef0000-f62960efb000 r-xp 00000000 fc:00 1645855                    /home/xander/.vscode/extensions/redhat.java-1.41.1-linux-arm64/jre/21.0.6-linux-aarch64/lib/libinstrument.so
f62960efb000-f62960f0f000 ---p 0000b000 fc:00 1645855                    /home/xander/.vscode/extensions/redhat.java-1.41.1-linux-arm64/jre/21.0.6-linux-aarch64/lib/libinstrument.so
f62960f0f000-f62960f10000 r--p 0000f000 fc:00 1645855                    /home/xander/.vscode/extensions/redhat.java-1.41.1-linux-arm64/jre/21.0.6-linux-aarch64/lib/libinstrument.so
f62960f10000-f62960f11000 rw-p 00010000 fc:00 1645855                    /home/xander/.vscode/extensions/redhat.java-1.41.1-linux-arm64/jre/21.0.6-linux-aarch64/lib/libinstrument.so
f62960f20000-f62960f3b000 r-xp 00000000 fc:00 1645864                    /home/xander/.vscode/extensions/redhat.java-1.41.1-linux-arm64/jre/21.0.6-linux-aarch64/lib/libjimage.so
f62960f3b000-f62960f4e000 ---p 0001b000 fc:00 1645864                    /home/xander/.vscode/extensions/redhat.java-1.41.1-linux-arm64/jre/21.0.6-linux-aarch64/lib/libjimage.so
f62960f4e000-f62960f50000 r--p 0001e000 fc:00 1645864                    /home/xander/.vscode/extensions/redhat.java-1.41.1-linux-arm64/jre/21.0.6-linux-aarch64/lib/libjimage.so
f62960f50000-f62960f51000 rw-p 00020000 fc:00 1645864                    /home/xander/.vscode/extensions/redhat.java-1.41.1-linux-arm64/jre/21.0.6-linux-aarch64/lib/libjimage.so
f62960f52000-f62960f56000 ---p 00000000 00:00 0 
f62960f56000-f62961150000 rw-p 00000000 00:00 0 
f62961150000-f629611d5000 r-xp 00000000 fc:00 525869                     /usr/lib/aarch64-linux-gnu/libm.so.6
f629611d5000-f629611ef000 ---p 00085000 fc:00 525869                     /usr/lib/aarch64-linux-gnu/libm.so.6
f629611ef000-f629611f0000 r--p 0008f000 fc:00 525869                     /usr/lib/aarch64-linux-gnu/libm.so.6
f629611f0000-f629611f1000 rw-p 00090000 fc:00 525869                     /usr/lib/aarch64-linux-gnu/libm.so.6
f62961200000-f62962477000 r-xp 00000000 fc:00 1645896                    /home/xander/.vscode/extensions/redhat.java-1.41.1-linux-arm64/jre/21.0.6-linux-aarch64/lib/server/libjvm.so
f62962477000-f62962492000 ---p 01277000 fc:00 1645896                    /home/xander/.vscode/extensions/redhat.java-1.41.1-linux-arm64/jre/21.0.6-linux-aarch64/lib/server/libjvm.so
f62962492000-f62962570000 r--p 01282000 fc:00 1645896                    /home/xander/.vscode/extensions/redhat.java-1.41.1-linux-arm64/jre/21.0.6-linux-aarch64/lib/server/libjvm.so
f62962570000-f629625a2000 rw-p 01360000 fc:00 1645896                    /home/xander/.vscode/extensions/redhat.java-1.41.1-linux-arm64/jre/21.0.6-linux-aarch64/lib/server/libjvm.so
f629625a2000-f62962626000 rw-p 00000000 00:00 0 
f6296263c000-f62962650000 rw-p 00000000 00:00 0 
f62962650000-f62962651000 r-xp 00000000 fc:00 525954                     /usr/lib/aarch64-linux-gnu/librt.so.1
f62962651000-f6296266f000 ---p 00001000 fc:00 525954                     /usr/lib/aarch64-linux-gnu/librt.so.1
f6296266f000-f62962670000 r--p 0000f000 fc:00 525954                     /usr/lib/aarch64-linux-gnu/librt.so.1
f62962670000-f62962671000 rw-p 00010000 fc:00 525954                     /usr/lib/aarch64-linux-gnu/librt.so.1
f62962680000-f6296281a000 r-xp 00000000 fc:00 525756                     /usr/lib/aarch64-linux-gnu/libc.so.6
f6296281a000-f6296282d000 ---p 0019a000 fc:00 525756                     /usr/lib/aarch64-linux-gnu/libc.so.6
f6296282d000-f62962830000 r--p 0019d000 fc:00 525756                     /usr/lib/aarch64-linux-gnu/libc.so.6
f62962830000-f62962832000 rw-p 001a0000 fc:00 525756                     /usr/lib/aarch64-linux-gnu/libc.so.6
f62962832000-f6296283e000 rw-p 00000000 00:00 0 
f62962840000-f62962841000 r-xp 00000000 fc:00 525773                     /usr/lib/aarch64-linux-gnu/libdl.so.2
f62962841000-f6296285f000 ---p 00001000 fc:00 525773                     /usr/lib/aarch64-linux-gnu/libdl.so.2
f6296285f000-f62962860000 r--p 0000f000 fc:00 525773                     /usr/lib/aarch64-linux-gnu/libdl.so.2
f62962860000-f62962861000 rw-p 00010000 fc:00 525773                     /usr/lib/aarch64-linux-gnu/libdl.so.2
f62962870000-f62962871000 r-xp 00000000 fc:00 525947                     /usr/lib/aarch64-linux-gnu/libpthread.so.0
f62962871000-f6296288f000 ---p 00001000 fc:00 525947                     /usr/lib/aarch64-linux-gnu/libpthread.so.0
f6296288f000-f62962890000 r--p 0000f000 fc:00 525947                     /usr/lib/aarch64-linux-gnu/libpthread.so.0
f62962890000-f62962891000 rw-p 00010000 fc:00 525947                     /usr/lib/aarch64-linux-gnu/libpthread.so.0
f62962894000-f62962899000 rw-p 00000000 00:00 0 
f62962899000-f629628a0000 ---p 00000000 00:00 0 
f629628a0000-f629628b8000 r-xp 00000000 fc:00 1645865                    /home/xander/.vscode/extensions/redhat.java-1.41.1-linux-arm64/jre/21.0.6-linux-aarch64/lib/libjli.so
f629628b8000-f629628cf000 ---p 00018000 fc:00 1645865                    /home/xander/.vscode/extensions/redhat.java-1.41.1-linux-arm64/jre/21.0.6-linux-aarch64/lib/libjli.so
f629628cf000-f629628d0000 r--p 0001f000 fc:00 1645865                    /home/xander/.vscode/extensions/redhat.java-1.41.1-linux-arm64/jre/21.0.6-linux-aarch64/lib/libjli.so
f629628d0000-f629628d1000 rw-p 00020000 fc:00 1645865                    /home/xander/.vscode/extensions/redhat.java-1.41.1-linux-arm64/jre/21.0.6-linux-aarch64/lib/libjli.so
f629628dc000-f62962903000 r-xp 00000000 fc:00 525643                     /usr/lib/aarch64-linux-gnu/ld-linux-aarch64.so.1
f62962903000-f62962905000 rw-p 00000000 00:00 0 
f6296290a000-f62962912000 rw-s 00000000 fc:00 393375                     /tmp/hsperfdata_xander/5821
f62962912000-f62962913000 ---p 00000000 00:00 0 
f62962913000-f62962914000 r--p 00000000 00:00 0 
f62962914000-f62962915000 ---p 00000000 00:00 0 
f62962915000-f62962917000 rw-p 00000000 00:00 0 
f62962917000-f62962919000 r--p 00000000 00:00 0                          [vvar]
f62962919000-f6296291a000 r-xp 00000000 00:00 0                          [vdso]
f6296291a000-f6296291c000 r--p 0002e000 fc:00 525643                     /usr/lib/aarch64-linux-gnu/ld-linux-aarch64.so.1
f6296291c000-f6296291e000 rw-p 00030000 fc:00 525643                     /usr/lib/aarch64-linux-gnu/ld-linux-aarch64.so.1
ffffe3056000-ffffe3078000 rw-p 00000000 00:00 0                          [stack]
Total number of mappings: 110


VM Arguments:
jvm_args: --add-modules=ALL-SYSTEM --add-opens=java.base/java.util=ALL-UNNAMED --add-opens=java.base/java.lang=ALL-UNNAMED --add-opens=java.base/sun.nio.fs=ALL-UNNAMED -Declipse.application=org.eclipse.jdt.ls.core.id1 -Dosgi.bundles.defaultStartLevel=4 -Declipse.product=org.eclipse.jdt.ls.core.product -Djava.import.generatesMetadataFilesAtProjectRoot=false -DDetectVMInstallationsJob.disabled=true -Dfile.encoding=utf8 -XX:+UseParallelGC -XX:GCTimeRatio=4 -XX:AdaptiveSizePolicyWeight=90 -Dsun.zip.disableMemoryMapping=true -Xmx1G -Xms100m -Xlog:disable -javaagent:/home/xander/.vscode/extensions/redhat.java-1.41.1-linux-arm64/lombok/lombok-1.18.36.jar -XX:+HeapDumpOnOutOfMemoryError -XX:HeapDumpPath=/home/xander/.config/Code/User/workspaceStorage/08fb1f34b35509ece9643cfea22dbdeb/redhat.java -Daether.dependencyCollector.impl=bf 
java_command: /home/xander/.vscode/extensions/redhat.java-1.41.1-linux-arm64/server/plugins/org.eclipse.equinox.launcher_1.7.0.v20250331-1702.jar -configuration /home/xander/.config/Code/User/globalStorage/redhat.java/1.41.1/config_linux -data /home/xander/.config/Code/User/workspaceStorage/08fb1f34b35509ece9643cfea22dbdeb/redhat.java/jdt_ws --pipe=/run/user/1000/lsp-3f248fac18dc0598156f43d546d34af4.sock
java_class_path (initial): /home/xander/.vscode/extensions/redhat.java-1.41.1-linux-arm64/server/plugins/org.eclipse.equinox.launcher_1.7.0.v20250331-1702.jar
Launcher Type: SUN_STANDARD

[Global flags]
    uintx AdaptiveSizePolicyWeight                 = 90                                        {product} {command line}
     intx CICompilerCount                          = 3                                         {product} {ergonomic}
    uintx GCTimeRatio                              = 4                                         {product} {command line}
     bool HeapDumpOnOutOfMemoryError               = true                                   {manageable} {command line}
    ccstr HeapDumpPath                             = /home/xander/.config/Code/User/workspaceStorage/08fb1f34b35509ece9643cfea22dbdeb/redhat.java         {manageable} {command line}
   size_t InitialHeapSize                          = 104857600                                 {product} {command line}
   size_t MaxHeapSize                              = 1073741824                                {product} {command line}
   size_t MaxNewSize                               = 357564416                                 {product} {ergonomic}
   size_t MinHeapDeltaBytes                        = 524288                                    {product} {ergonomic}
   size_t MinHeapSize                              = 104857600                                 {product} {command line}
   size_t NewSize                                  = 34603008                                  {product} {ergonomic}
    uintx NonNMethodCodeHeapSize                   = 5832908                                {pd product} {ergonomic}
    uintx NonProfiledCodeHeapSize                  = 122912666                              {pd product} {ergonomic}
   size_t OldSize                                  = 70254592                                  {product} {ergonomic}
    uintx ProfiledCodeHeapSize                     = 122912666                              {pd product} {ergonomic}
    uintx ReservedCodeCacheSize                    = 251658240                              {pd product} {ergonomic}
     bool SegmentedCodeCache                       = true                                      {product} {ergonomic}
   size_t SoftMaxHeapSize                          = 1073741824                             {manageable} {ergonomic}
     bool UseCompressedOops                        = true                           {product lp64_product} {ergonomic}
     bool UseParallelGC                            = true                                      {product} {command line}

Logging:
Log output configuration:
 #0: stdout all=off uptime,level,tags foldmultilines=false
 #1: stderr all=off uptime,level,tags foldmultilines=false

Environment Variables:
PATH=/usr/local/sbin:/usr/local/bin:/usr/sbin:/usr/bin:/sbin:/bin:/usr/games:/usr/local/games:/snap/bin:/snap/bin
USERNAME=xander
SHELL=/bin/bash
DISPLAY=:0
LANG=fr_FR.UTF-8
TERM=xterm-256color

Active Locale:
LC_ALL=C
LC_COLLATE=C
LC_CTYPE=C
LC_MESSAGES=C
LC_MONETARY=C
LC_NUMERIC=C
LC_TIME=C

Signal Handlers:
   SIGSEGV: crash_handler in libjvm.so, mask=11100100010111111101111111111110, flags=SA_RESTART|SA_SIGINFO, unblocked
    SIGBUS: crash_handler in libjvm.so, mask=11100100010111111101111111111110, flags=SA_RESTART|SA_SIGINFO, unblocked
    SIGFPE: crash_handler in libjvm.so, mask=11100100010111111101111111111110, flags=SA_RESTART|SA_SIGINFO, unblocked
   SIGPIPE: javaSignalHandler in libjvm.so, mask=11100100010111111101111111111110, flags=SA_RESTART|SA_SIGINFO, blocked
   SIGXFSZ: javaSignalHandler in libjvm.so, mask=11100100010111111101111111111110, flags=SA_RESTART|SA_SIGINFO, blocked
    SIGILL: crash_handler in libjvm.so, mask=11100100010111111101111111111110, flags=SA_RESTART|SA_SIGINFO, unblocked
   SIGUSR2: SR_handler in libjvm.so, mask=00000000000000000000000000000000, flags=SA_RESTART|SA_SIGINFO, blocked
    SIGHUP: SIG_DFL, mask=00000000000000000000000000000000, flags=none, blocked
    SIGINT: SIG_DFL, mask=00000000000000000000000000000000, flags=none, blocked
   SIGTERM: SIG_DFL, mask=00000000000000000000000000000000, flags=none, blocked
   SIGQUIT: UserHandler in libjvm.so, mask=11100100010111111101111111111110, flags=SA_RESTART|SA_SIGINFO, blocked
   SIGTRAP: crash_handler in libjvm.so, mask=11100100010111111101111111111110, flags=SA_RESTART|SA_SIGINFO, unblocked


Periodic native trim disabled

---------------  S Y S T E M  ---------------

OS:
DISTRIB_ID=Ubuntu
DISTRIB_RELEASE=24.04
DISTRIB_CODENAME=noble
DISTRIB_DESCRIPTION="Ubuntu 24.04.2 LTS"
uname: Linux 6.8.0-57-generic #59-Ubuntu SMP PREEMPT_DYNAMIC Sat Mar 15 17:00:30 UTC 2025 aarch64
OS uptime: 0 days 0:06 hours
libc: glibc 2.39 NPTL 2.39 
rlimit (soft/hard): STACK 8192k/infinity , CORE 0k/infinity , NPROC 31211/31211 , NOFILE 1048576/1048576 , AS infinity/infinity , CPU infinity/infinity , DATA infinity/infinity , FSIZE infinity/infinity , MEMLOCK 1013748k/1013748k
load average: 0.03 0.08 0.03

/proc/meminfo:
MemTotal:        8109984 kB
MemFree:         4976612 kB
MemAvailable:    6002080 kB
Buffers:           65344 kB
Cached:          1232960 kB
SwapCached:            0 kB
Active:          2500700 kB
Inactive:         233600 kB
Active(anon):    1590152 kB
Inactive(anon):        0 kB
Active(file):     910548 kB
Inactive(file):   233600 kB
Unevictable:       47552 kB
Mlocked:           26256 kB
SwapTotal:       4194300 kB
SwapFree:        4194300 kB
Zswap:                 0 kB
Zswapped:              0 kB
Dirty:              1628 kB
Writeback:             0 kB
AnonPages:       1483948 kB
Mapped:           658844 kB
Shmem:            146712 kB
KReclaimable:      49272 kB
Slab:             192708 kB
SReclaimable:      49272 kB
SUnreclaim:       143436 kB
KernelStack:       14796 kB
ShadowCallStack:    3716 kB
PageTables:        32284 kB
SecPageTables:         0 kB
NFS_Unstable:          0 kB
Bounce:                0 kB
WritebackTmp:          0 kB
CommitLimit:     8249292 kB
Committed_AS:    9974688 kB
VmallocTotal:   133141626880 kB
VmallocUsed:       38328 kB
VmallocChunk:          0 kB
Percpu:             4956 kB
HardwareCorrupted:     0 kB
AnonHugePages:         0 kB
ShmemHugePages:        0 kB
ShmemPmdMapped:        0 kB
FileHugePages:         0 kB
FilePmdMapped:         0 kB
CmaTotal:          32768 kB
CmaFree:           29568 kB
HugePages_Total:       0
HugePages_Free:        0
HugePages_Rsvd:        0
HugePages_Surp:        0
Hugepagesize:       2048 kB
Hugetlb:               0 kB

/sys/kernel/mm/transparent_hugepage/enabled: always [madvise] never
/sys/kernel/mm/transparent_hugepage/hpage_pmd_size: 2097152
/sys/kernel/mm/transparent_hugepage/defrag (defrag/compaction efforts parameter): always defer defer+madvise [madvise] never

Process Memory:
Virtual Size: 2839096K (peak: 2899732K)
Resident Set Size: 34712K (peak: 34712K) (anon: 19456K, file: 15256K, shmem: 0K)
Swapped out: 0K
C-Heap outstanding allocations: 29210K, retained: 601K
glibc malloc tunables: (default)

/proc/sys/kernel/threads-max (system-wide limit on the number of threads): 62422
/proc/sys/vm/max_map_count (maximum number of memory map areas a process may have): 1048576
/proc/sys/vm/swappiness (control to define how aggressively the kernel swaps out anonymous memory): 60
/proc/sys/kernel/pid_max (system-wide limit on number of process identifiers): 4194304

container (cgroup) information:
container_type: cgroupv2
cpu_cpuset_cpus: not supported
cpu_memory_nodes: not supported
active_processor_count: 7
cpu_quota: not supported
cpu_period: not supported
cpu_shares: not supported
memory_limit_in_bytes: unlimited
memory_and_swap_limit_in_bytes: unlimited
memory_soft_limit_in_bytes: unlimited
memory_usage_in_bytes: 984144 k
memory_max_usage_in_bytes: not supported
memory_swap_current_in_bytes: unlimited
memory_swap_max_limit_in_bytes: unlimited
maximum number of tasks: 9363
current number of tasks: 170

Steal ticks since vm start: 0
Steal ticks percentage since vm start:  0.000

CPU: total 7 (initial active 7) 0x61:0x0:0x000:0, fp, asimd, evtstrm, aes, pmull, sha1, sha256, crc32, lse, dcpop, sha3, sha512, paca, sve2
/proc/cpuinfo:
processor	: 0
BogoMIPS	: 48.00
Features	: fp asimd evtstrm aes pmull sha1 sha2 crc32 atomics fphp asimdhp cpuid asimdrdm jscvt fcma lrcpc dcpop sha3 asimddp sha512 asimdfhm dit uscat ilrcpc flagm sb paca pacg dcpodp sve2 flagm2 frint svei8mm svebf16 bf16 afp smei16i64 smef64f64 smei8i32 smef16f32 smeb16f32 smef32f32 sme2 smei16i32 smebi32i32
CPU implementer	: 0x61
CPU architecture: 8
CPU variant	: 0x0
CPU part	: 0x000
CPU revision	: 0

processor	: 1
BogoMIPS	: 48.00
Features	: fp asimd evtstrm aes pmull sha1 sha2 crc32 atomics fphp asimdhp cpuid asimdrdm jscvt fcma lrcpc dcpop sha3 asimddp sha512 asimdfhm dit uscat ilrcpc flagm sb paca pacg dcpodp sve2 flagm2 frint svei8mm svebf16 bf16 afp smei16i64 smef64f64 smei8i32 smef16f32 smeb16f32 smef32f32 sme2 smei16i32 smebi32i32
CPU implementer	: 0x61
CPU architecture: 8
CPU variant	: 0x0
CPU part	: 0x000
CPU revision	: 0

processor	: 2
BogoMIPS	: 48.00
Features	: fp asimd evtstrm aes pmull sha1 sha2 crc32 atomics fphp asimdhp cpuid asimdrdm jscvt fcma lrcpc dcpop sha3 asimddp sha512 asimdfhm dit uscat ilrcpc flagm sb paca pacg dcpodp sve2 flagm2 frint svei8mm svebf16 bf16 afp smei16i64 smef64f64 smei8i32 smef16f32 smeb16f32 smef32f32 sme2 smei16i32 smebi32i32
CPU implementer	: 0x61
CPU architecture: 8
CPU variant	: 0x0
CPU part	: 0x000
CPU revision	: 0

processor	: 3
BogoMIPS	: 48.00
Features	: fp asimd evtstrm aes pmull sha1 sha2 crc32 atomics fphp asimdhp cpuid asimdrdm jscvt fcma lrcpc dcpop sha3 asimddp sha512 asimdfhm dit uscat ilrcpc flagm sb paca pacg dcpodp sve2 flagm2 frint svei8mm svebf16 bf16 afp smei16i64 smef64f64 smei8i32 smef16f32 smeb16f32 smef32f32 sme2 smei16i32 smebi32i32
CPU implementer	: 0x61
CPU architecture: 8
CPU variant	: 0x0
CPU part	: 0x000
CPU revision	: 0

processor	: 4
BogoMIPS	: 48.00
Features	: fp asimd evtstrm aes pmull sha1 sha2 crc32 atomics fphp asimdhp cpuid asimdrdm jscvt fcma lrcpc dcpop sha3 asimddp sha512 asimdfhm dit uscat ilrcpc flagm sb paca pacg dcpodp sve2 flagm2 frint svei8mm svebf16 bf16 afp smei16i64 smef64f64 smei8i32 smef16f32 smeb16f32 smef32f32 sme2 smei16i32 smebi32i32
CPU implementer	: 0x61
CPU architecture: 8
CPU variant	: 0x0
CPU part	: 0x000
CPU revision	: 0

processor	: 5
BogoMIPS	: 48.00
Features	: fp asimd evtstrm aes pmull sha1 sha2 crc32 atomics fphp asimdhp cpuid asimdrdm jscvt fcma lrcpc dcpop sha3 asimddp sha512 asimdfhm dit uscat ilrcpc flagm sb paca pacg dcpodp sve2 flagm2 frint svei8mm svebf16 bf16 afp smei16i64 smef64f64 smei8i32 smef16f32 smeb16f32 smef32f32 sme2 smei16i32 smebi32i32
CPU implementer	: 0x61
CPU architecture: 8
CPU variant	: 0x0
CPU part	: 0x000
CPU revision	: 0

processor	: 6
BogoMIPS	: 48.00
Features	: fp asimd evtstrm aes pmull sha1 sha2 crc32 atomics fphp asimdhp cpuid asimdrdm jscvt fcma lrcpc dcpop sha3 asimddp sha512 asimdfhm dit uscat ilrcpc flagm sb paca pacg dcpodp sve2 flagm2 frint svei8mm svebf16 bf16 afp smei16i64 smef64f64 smei8i32 smef16f32 smeb16f32 smef32f32 sme2 smei16i32 smebi32i32
CPU implementer	: 0x61
CPU architecture: 8
CPU variant	: 0x0
CPU part	: 0x000
CPU revision	: 0


Online cpus: 0-6
Offline cpus: 

Memory: 4k page, physical 8109984k(6002080k free), swap 4194300k(4194300k free)
Page Sizes: 4k

vm_info: OpenJDK 64-Bit Server VM (21.0.6+7-LTS) for linux-aarch64 JRE (21.0.6+7-LTS), built on 2025-01-21T00:00:00Z by "admin" with gcc 11.3.0

END.
